C:\SHIVA\SHIVA-TOTEM\VS\SHIVA-TOTEM\RELEASE\ASSEMBLEACTIVITY.OBJ
C:\SHIVA\SHIVA-TOTEM\VS\SHIVA-TOTEM\RELEASE\BLENDADJUSTACTIVITY.OBJ
C:\SHIVA\SHIVA-TOTEM\VS\SHIVA-TOTEM\RELEASE\DRILLACTIVITY.OBJ
C:\SHIVA\SHIVA-TOTEM\VS\SHIVA-TOTEM\RELEASE\EDITMENUACTIVITY.OBJ
C:\SHIVA\SHIVA-TOTEM\VS\SHIVA-TOTEM\RELEASE\MAIN.OBJ
C:\SHIVA\SHIVA-TOTEM\VS\SHIVA-TOTEM\RELEASE\NUDGEACTIVITY.OBJ
C:\SHIVA\SHIVA-TOTEM\VS\SHIVA-TOTEM\RELEASE\ROTATEOBJECTACTIVITY.OBJ
C:\SHIVA\SHIVA-TOTEM\VS\SHIVA-TOTEM\RELEASE\SHIVAMODELMANAGER.OBJ
C:\SHIVA\SHIVA-TOTEM\VS\SHIVA-TOTEM\RELEASE\SHIVA-TOTEM.EXE.INTERMEDIATE.MANIFEST
C:\SHIVA\SHIVA-TOTEM\VS\SHIVA-TOTEM\RELEASE\TOTEMCONTROLLER.OBJ
C:\SHIVA\SHIVA-TOTEM\VS\SHIVA-TOTEM\RELEASE\TOTEMOBJECT.OBJ
C:\SHIVA\SHIVA-TOTEM\VS\SHIVA-TOTEM\RELEASE\TOTEMOPDRILL.OBJ
C:\SHIVA\SHIVA-TOTEM\VS\SHIVA-TOTEM\RELEASE\TOTEMOPERATION.OBJ
C:\SHIVA\SHIVA-TOTEM\VS\SHIVA-TOTEM\RELEASE\UNIFORMSCALEACTIVITY.OBJ
C:\SHIVA\SHIVA-TOTEM\VS\SHIVA-TOTEM\RELEASE\VC100.PDB
C:\SHIVA\SHIVA-TOTEM\VS\SHIVA-TOTEM\RELEASE\VOLVIEW.OBJ
C:\SHIVA\SHIVA-TOTEM\VS\SHIVA-TOTEM\SHIVA-TOTEM.EXE
C:\SHIVA\SHIVA-TOTEM\VS\SHIVA-TOTEM\SHIVA-TOTEM.PDB
C:\SHIVAProject\shiva-totem\vs\shiva-totem\Release\AssembleActivity.obj
C:\SHIVAProject\shiva-totem\vs\shiva-totem\Release\BlendAdjustActivity.obj
C:\SHIVAProject\shiva-totem\vs\shiva-totem\Release\cl.command.1.tlog
C:\SHIVAProject\shiva-totem\vs\shiva-totem\Release\CL.read.1.tlog
C:\SHIVAProject\shiva-totem\vs\shiva-totem\Release\CL.write.1.tlog
C:\SHIVAProject\shiva-totem\vs\shiva-totem\Release\DrillActivity.obj
C:\SHIVAProject\shiva-totem\vs\shiva-totem\Release\EditMenuActivity.obj
C:\SHIVAProject\shiva-totem\vs\shiva-totem\Release\link.command.1.tlog
C:\SHIVAProject\shiva-totem\vs\shiva-totem\Release\link.read.1.tlog
C:\SHIVAProject\shiva-totem\vs\shiva-totem\Release\link.write.1.tlog
C:\SHIVAProject\shiva-totem\vs\shiva-totem\Release\main.obj
C:\SHIVAProject\shiva-totem\vs\shiva-totem\Release\mt.command.1.tlog
C:\SHIVAProject\shiva-totem\vs\shiva-totem\Release\mt.read.1.tlog
C:\SHIVAProject\shiva-totem\vs\shiva-totem\Release\mt.write.1.tlog
C:\SHIVAProject\shiva-totem\vs\shiva-totem\Release\NudgeActivity.obj
C:\SHIVAProject\shiva-totem\vs\shiva-totem\Release\RotateObjectActivity.obj
C:\SHIVAProject\shiva-totem\vs\shiva-totem\Release\ShivaModelManager.obj
C:\SHIVAProject\shiva-totem\vs\shiva-totem\Release\shiva-totem.exe.intermediate.manifest
C:\SHIVAProject\shiva-totem\vs\shiva-totem\Release\shiva-totem.write.1.tlog
C:\SHIVAProject\shiva-totem\vs\shiva-totem\Release\TotemController.obj
C:\SHIVAProject\shiva-totem\vs\shiva-totem\Release\TotemObject.obj
C:\SHIVAProject\shiva-totem\vs\shiva-totem\Release\TotemOpDrill.obj
C:\SHIVAProject\shiva-totem\vs\shiva-totem\Release\TotemOperation.obj
C:\SHIVAProject\shiva-totem\vs\shiva-totem\Release\UniformScaleActivity.obj
C:\SHIVAProject\shiva-totem\vs\shiva-totem\Release\vc100.pdb
C:\SHIVAProject\shiva-totem\vs\shiva-totem\Release\VolView.obj
C:\SHIVAProject\shiva-totem\vs\shiva-totem\shiva-totem.exe
C:\SHIVAProject\shiva-totem\vs\shiva-totem\shiva-totem.pdb
