  AssembleActivity.cpp
C:\Users\SHIVA\Documents\GitHub\SHIVAProject\shiva-totem\src\AssembleActivity.cpp(254,31): warning C4101: 'rm': unreferenced local variable
  BlendAdjustActivity.cpp
  Command.cpp
  CommandManager.cpp
  DrillActivity.cpp
C:\Users\SHIVA\Documents\GitHub\SHIVAProject\shiva-totem\src\DrillActivity.cpp(202,13): warning C4244: 'initializing': conversion from 'double' to 'float', possible loss of data
  EditMenuActivity.cpp
  main.cpp
  NudgeActivity.cpp
  PrintActivity.cpp
C:\Users\SHIVA\Documents\GitHub\SHIVAProject\shiva-totem\src\PrintActivity.cpp(157,17): warning C4552: '-': result of expression not used
C:\Users\SHIVA\Documents\GitHub\SHIVAProject\shiva-totem\src\PrintActivity.cpp(255,17): warning C4552: '-': result of expression not used
  RotateObjectActivity.cpp
  ShivaModelManager.cpp
C:\Users\SHIVA\Documents\GitHub\SHIVAProject\shiva-totem\src\ShivaModelManager.cpp(113,30): warning C4267: 'return': conversion from 'size_t' to 'int', possible loss of data
  UniformScaleActivity.cpp
  VolView.cpp
C:\Users\SHIVA\Documents\GitHub\SHIVAProject\include\cml-1_0_2\cml\mathlib\matrix_projection.h(215,18): warning C4244: 'initializing': conversion from 'int' to 'value_type', possible loss of data
C:\Users\SHIVA\Documents\GitHub\SHIVAProject\include\cml-1_0_2\cml\mathlib\matrix_projection.h(260): message : see reference to function template instantiation 'void cml::matrix_orthographic<float,cml::fixed<4,4>,cml::col_basis,cml::col_major>(cml::matrix<float,cml::fixed<4,4>,cml::col_basis,cml::col_major> &,E,E,E,E,E,E,cml::Handedness,cml::ZClip)' being compiled
          with
          [
              E=float
          ]
C:\Users\SHIVA\Documents\GitHub\SHIVAProject\shiva-totem\src\VolView.cpp(268): message : see reference to function template instantiation 'void cml::matrix_orthographic_RH<float,cml::fixed<4,4>,cml::col_basis,cml::col_major>(cml::matrix<float,cml::fixed<4,4>,cml::col_basis,cml::col_major> &,E,E,E,E,E,E,cml::ZClip)' being compiled
          with
          [
              E=float
          ]
  TotemController.cpp
C:\Users\SHIVA\Documents\GitHub\SHIVAProject\shiva-totem\src\Totem\TotemController.cpp(796,9): warning C4101: 'currParentTransz': unreferenced local variable
C:\Users\SHIVA\Documents\GitHub\SHIVAProject\shiva-totem\src\Totem\TotemController.cpp(795,9): warning C4101: 'currParentTransy': unreferenced local variable
C:\Users\SHIVA\Documents\GitHub\SHIVAProject\shiva-totem\src\Totem\TotemController.cpp(794,9): warning C4101: 'currParentTransx': unreferenced local variable
  TotemObject.cpp
  TotemOperation.cpp
  TotemOpDrill.cpp
  Generating code
  Previous IPDB not found, fall back to full compilation.
  All 5960 functions were compiled because no usable IPDB/IOBJ from previous compilation was found.
  Finished generating code
LINK : warning LNK4286: symbol 'fprintf' defined in 'shiva-gui.lib(tinyxml.obj)' is imported by 'shiva-gui.lib(SDL_windows_main.obj)'
LINK : warning LNK4286: symbol '__iob_func' defined in 'main.obj' is imported by 'shiva-gui.lib(SDL_windows_main.obj)'
  shiva-demo01.vcxproj -> C:\Users\SHIVA\Documents\GitHub\SHIVAProject\shiva-totem\vs\shiva-totem\shiva-totem.exe
