  GUIManager.cpp
C:\Users\SHIVA\Documents\GitHub\SHIVAProject\shiva-gui\src\GUIManager.cpp(192,61): warning C4267: 'argument': conversion from 'size_t' to 'unsigned int', possible loss of data
C:\Users\SHIVA\Documents\GitHub\SHIVAProject\shiva-gui\src\GUIManager.cpp(286,48): warning C4267: 'initializing': conversion from 'size_t' to 'unsigned int', possible loss of data
C:\Users\SHIVA\Documents\GitHub\SHIVAProject\shiva-gui\src\GUIManager.cpp(551,60): warning C4267: 'argument': conversion from 'size_t' to 'unsigned int', possible loss of data
  ImageTextButton.cpp
  ImageTextView.cpp
  ResourceManager.cpp
C:\Users\SHIVA\Documents\GitHub\SHIVAProject\shiva-gui\src\ResourceManager.cpp(252,50): warning C4244: '=': conversion from 'int' to 'float', possible loss of data
C:\Users\SHIVA\Documents\GitHub\SHIVAProject\shiva-gui\src\ResourceManager.cpp(353,98): warning C4838: conversion from 'unsigned int' to 'Uint8' requires a narrowing conversion
C:\Users\SHIVA\Documents\GitHub\SHIVAProject\shiva-gui\src\ResourceManager.cpp(386,28): warning C4267: '=': conversion from 'size_t' to 'int', possible loss of data
C:\Users\SHIVA\Documents\GitHub\SHIVAProject\shiva-gui\src\ResourceManager.cpp(406,51): warning C4267: '=': conversion from 'size_t' to 'int', possible loss of data
C:\Users\SHIVA\Documents\GitHub\SHIVAProject\shiva-gui\src\ResourceManager.cpp(420,2): warning C4267: 'initializing': conversion from 'size_t' to 'int', possible loss of data
C:\Users\SHIVA\Documents\GitHub\SHIVAProject\shiva-gui\src\ResourceManager.cpp(474,98): warning C4838: conversion from 'unsigned int' to 'Uint8' requires a narrowing conversion
  Debouncer.cpp
  InputController.cpp
  InputEvent.cpp
  InternalEvent.cpp
  Autoscanner.cpp
  Scanner.cpp
  CreateNewProfileActivity.cpp
  fbo.cpp
  GPUProgram.cpp
  GPUShader.cpp
  GPUVariable.cpp
  tinyfiledialogs.cpp
C:\Users\SHIVA\Documents\GitHub\SHIVAProject\shiva-gui\src\Utility\tinyfiledialogs.cpp(313,41): warning C4267: 'initializing': conversion from 'size_t' to 'int', possible loss of data
C:\Users\SHIVA\Documents\GitHub\SHIVAProject\shiva-gui\src\Utility\tinyfiledialogs.cpp(383,40): warning C4267: '=': conversion from 'size_t' to 'int', possible loss of data
C:\Users\SHIVA\Documents\GitHub\SHIVAProject\shiva-gui\src\Utility\tinyfiledialogs.cpp(392,12): warning C4244: '=': conversion from '__int64' to 'int', possible loss of data
C:\Users\SHIVA\Documents\GitHub\SHIVAProject\shiva-gui\src\Utility\tinyfiledialogs.cpp(405,20): warning C4267: '=': conversion from 'size_t' to 'int', possible loss of data
C:\Users\SHIVA\Documents\GitHub\SHIVAProject\shiva-gui\src\Utility\tinyfiledialogs.cpp(661,31): warning C4267: '=': conversion from 'size_t' to 'int', possible loss of data
C:\Users\SHIVA\Documents\GitHub\SHIVAProject\shiva-gui\src\Utility\tinyfiledialogs.cpp(718,31): warning C4267: '=': conversion from 'size_t' to 'int', possible loss of data
C:\Users\SHIVA\Documents\GitHub\SHIVAProject\shiva-gui\src\Utility\tinyfiledialogs.cpp(868,43): warning C4267: '=': conversion from 'size_t' to 'int', possible loss of data
C:\Users\SHIVA\Documents\GitHub\SHIVAProject\shiva-gui\src\Utility\tinyfiledialogs.cpp(869,49): warning C4267: '=': conversion from 'size_t' to 'int', possible loss of data
  tinystr.cpp
  tinyxml.cpp
  tinyxmlerror.cpp
  tinyxmlparser.cpp
  Compiling...
  Definitions.cpp
  GUIController.cpp
  BitmapDrawable.cpp
C:\Users\SHIVA\Documents\GitHub\SHIVAProject\include\cml-1_0_2\cml\mathlib\matrix_projection.h(215,18): warning C4244: 'initializing': conversion from 'int' to 'value_type', possible loss of data
C:\Users\SHIVA\Documents\GitHub\SHIVAProject\include\cml-1_0_2\cml\mathlib\matrix_projection.h(260): message : see reference to function template instantiation 'void cml::matrix_orthographic<float,cml::fixed<4,4>,cml::col_basis,cml::col_major>(cml::matrix<float,cml::fixed<4,4>,cml::col_basis,cml::col_major> &,E,E,E,E,E,E,cml::Handedness,cml::ZClip)' being compiled
          with
          [
              E=float
          ]
C:\Users\SHIVA\Documents\GitHub\SHIVAProject\shiva-gui\src\GUI\Drawables\BitmapDrawable.cpp(174): message : see reference to function template instantiation 'void cml::matrix_orthographic_RH<float,cml::fixed<4,4>,cml::col_basis,cml::col_major>(cml::matrix<float,cml::fixed<4,4>,cml::col_basis,cml::col_major> &,E,E,E,E,E,E,cml::ZClip)' being compiled
          with
          [
              E=float
          ]
  Drawable.cpp
  LayeredImageDrawable.cpp
C:\Users\SHIVA\Documents\GitHub\SHIVAProject\include\cml-1_0_2\cml\mathlib\matrix_projection.h(215,18): warning C4244: 'initializing': conversion from 'int' to 'value_type', possible loss of data
C:\Users\SHIVA\Documents\GitHub\SHIVAProject\include\cml-1_0_2\cml\mathlib\matrix_projection.h(260): message : see reference to function template instantiation 'void cml::matrix_orthographic<float,cml::fixed<4,4>,cml::col_basis,cml::col_major>(cml::matrix<float,cml::fixed<4,4>,cml::col_basis,cml::col_major> &,E,E,E,E,E,E,cml::Handedness,cml::ZClip)' being compiled
          with
          [
              E=float
          ]
C:\Users\SHIVA\Documents\GitHub\SHIVAProject\shiva-gui\src\GUI\Drawables\LayeredImageDrawable.cpp(343): message : see reference to function template instantiation 'void cml::matrix_orthographic_RH<float,cml::fixed<4,4>,cml::col_basis,cml::col_major>(cml::matrix<float,cml::fixed<4,4>,cml::col_basis,cml::col_major> &,E,E,E,E,E,E,cml::ZClip)' being compiled
          with
          [
              E=float
          ]
  NinePatch.cpp
C:\Users\SHIVA\Documents\GitHub\SHIVAProject\include\cml-1_0_2\cml\mathlib\matrix_projection.h(215,18): warning C4244: 'initializing': conversion from 'int' to 'value_type', possible loss of data
C:\Users\SHIVA\Documents\GitHub\SHIVAProject\include\cml-1_0_2\cml\mathlib\matrix_projection.h(260): message : see reference to function template instantiation 'void cml::matrix_orthographic<float,cml::fixed<4,4>,cml::col_basis,cml::col_major>(cml::matrix<float,cml::fixed<4,4>,cml::col_basis,cml::col_major> &,E,E,E,E,E,E,cml::Handedness,cml::ZClip)' being compiled
          with
          [
              E=float
          ]
C:\Users\SHIVA\Documents\GitHub\SHIVAProject\shiva-gui\src\GUI\Drawables\NinePatch.cpp(290): message : see reference to function template instantiation 'void cml::matrix_orthographic_RH<float,cml::fixed<4,4>,cml::col_basis,cml::col_major>(cml::matrix<float,cml::fixed<4,4>,cml::col_basis,cml::col_major> &,E,E,E,E,E,E,cml::ZClip)' being compiled
          with
          [
              E=float
          ]
  RectDrawable.cpp
C:\Users\SHIVA\Documents\GitHub\SHIVAProject\include\cml-1_0_2\cml\mathlib\matrix_projection.h(215,18): warning C4244: 'initializing': conversion from 'int' to 'value_type', possible loss of data
C:\Users\SHIVA\Documents\GitHub\SHIVAProject\include\cml-1_0_2\cml\mathlib\matrix_projection.h(260): message : see reference to function template instantiation 'void cml::matrix_orthographic<float,cml::fixed<4,4>,cml::col_basis,cml::col_major>(cml::matrix<float,cml::fixed<4,4>,cml::col_basis,cml::col_major> &,E,E,E,E,E,E,cml::Handedness,cml::ZClip)' being compiled
          with
          [
              E=float
          ]
C:\Users\SHIVA\Documents\GitHub\SHIVAProject\shiva-gui\src\GUI\Drawables\RectDrawable.cpp(125): message : see reference to function template instantiation 'void cml::matrix_orthographic_RH<float,cml::fixed<4,4>,cml::col_basis,cml::col_major>(cml::matrix<float,cml::fixed<4,4>,cml::col_basis,cml::col_major> &,E,E,E,E,E,E,cml::ZClip)' being compiled
          with
          [
              E=float
          ]
  StateListDrawable.cpp
  ColourSelector.cpp
C:\Users\SHIVA\Documents\GitHub\SHIVAProject\include\cml-1_0_2\cml\mathlib\matrix_projection.h(215,18): warning C4244: 'initializing': conversion from 'int' to 'value_type', possible loss of data
C:\Users\SHIVA\Documents\GitHub\SHIVAProject\include\cml-1_0_2\cml\mathlib\matrix_projection.h(260): message : see reference to function template instantiation 'void cml::matrix_orthographic<float,cml::fixed<4,4>,cml::col_basis,cml::col_major>(cml::matrix<float,cml::fixed<4,4>,cml::col_basis,cml::col_major> &,E,E,E,E,E,E,cml::Handedness,cml::ZClip)' being compiled
          with
          [
              E=float
          ]
C:\Users\SHIVA\Documents\GitHub\SHIVAProject\shiva-gui\src\GUI\Views\ColourSelector.cpp(173): message : see reference to function template instantiation 'void cml::matrix_orthographic_RH<float,cml::fixed<4,4>,cml::col_basis,cml::col_major>(cml::matrix<float,cml::fixed<4,4>,cml::col_basis,cml::col_major> &,E,E,E,E,E,E,cml::ZClip)' being compiled
          with
          [
              E=float
          ]
  ImageButton.cpp
C:\Users\SHIVA\Documents\GitHub\SHIVAProject\shiva-gui\src\GUI\Views\ImageButton.cpp(1077,21): warning C4244: '=': conversion from 'float' to 'int', possible loss of data
C:\Users\SHIVA\Documents\GitHub\SHIVAProject\shiva-gui\src\GUI\Views\ImageButton.cpp(1078,22): warning C4244: '=': conversion from 'float' to 'int', possible loss of data
C:\Users\SHIVA\Documents\GitHub\SHIVAProject\shiva-gui\src\GUI\Views\ImageButton.cpp(1079,20): warning C4244: '=': conversion from 'float' to 'int', possible loss of data
C:\Users\SHIVA\Documents\GitHub\SHIVAProject\shiva-gui\src\GUI\Views\ImageButton.cpp(1080,23): warning C4244: '=': conversion from 'float' to 'int', possible loss of data
C:\Users\SHIVA\Documents\GitHub\SHIVAProject\shiva-gui\src\GUI\Views\ImageButton.cpp(1433,32): warning C4267: '=': conversion from 'size_t' to 'unsigned int', possible loss of data
C:\Users\SHIVA\Documents\GitHub\SHIVAProject\include\cml-1_0_2\cml\mathlib\matrix_projection.h(215,18): warning C4244: 'initializing': conversion from 'int' to 'value_type', possible loss of data
C:\Users\SHIVA\Documents\GitHub\SHIVAProject\include\cml-1_0_2\cml\mathlib\matrix_projection.h(260): message : see reference to function template instantiation 'void cml::matrix_orthographic<float,cml::fixed<4,4>,cml::col_basis,cml::col_major>(cml::matrix<float,cml::fixed<4,4>,cml::col_basis,cml::col_major> &,E,E,E,E,E,E,cml::Handedness,cml::ZClip)' being compiled
          with
          [
              E=float
          ]
C:\Users\SHIVA\Documents\GitHub\SHIVAProject\shiva-gui\src\GUI\Views\ImageButton.cpp(1379): message : see reference to function template instantiation 'void cml::matrix_orthographic_RH<float,cml::fixed<4,4>,cml::col_basis,cml::col_major>(cml::matrix<float,cml::fixed<4,4>,cml::col_basis,cml::col_major> &,E,E,E,E,E,E,cml::ZClip)' being compiled
          with
          [
              E=float
          ]
  Slider.cpp
  TextButton.cpp
  TextView.cpp
  View.cpp
  AdapterView.cpp
  DataAdapter.cpp
  LayoutAdapterView.cpp
  ListView.cpp
  CustomLayout.cpp
  CustomLayoutElement.cpp
  Compiling...
  CustomLayoutParams.cpp
  LayoutParams.cpp
  LinearLayout.cpp
  LinearLayoutParams.cpp
  ScrollContainer.cpp
  ViewGroup.cpp
  Activity.cpp
  Bundle.cpp
  ProfileManager.cpp
C:\Users\SHIVA\Documents\GitHub\SHIVAProject\shiva-gui\src\System\ProfileManager.cpp(141,58): warning C4267: 'initializing': conversion from 'size_t' to 'unsigned int', possible loss of data
C:\Users\SHIVA\Documents\GitHub\SHIVAProject\shiva-gui\src\System\ProfileManager.cpp(192,23): warning C4996: 'boost::filesystem::copy_directory': Use create_directory() instead
  SharedPreferences.cpp
  Window.cpp
  FilesystemDataProvider.cpp
  ProfileChooserActivity.cpp
  AudioClip.cpp
  AudioManager.cpp
  SharedSettings.cpp
SDL2.lib(SDL2.dll) : warning LNK4006: __NULL_IMPORT_DESCRIPTOR already defined in Opengl32.lib(OPENGL32.dll); second definition ignored
SDL2_mixer.lib(SDL2_mixer.dll) : warning LNK4006: __NULL_IMPORT_DESCRIPTOR already defined in Opengl32.lib(OPENGL32.dll); second definition ignored
SDL2_ttf.lib(SDL2_ttf.dll) : warning LNK4006: __NULL_IMPORT_DESCRIPTOR already defined in Opengl32.lib(OPENGL32.dll); second definition ignored
glew32.lib(glew32.dll) : warning LNK4006: __NULL_IMPORT_DESCRIPTOR already defined in Opengl32.lib(OPENGL32.dll); second definition ignored
  shiva-gui.vcxproj -> C:\Users\SHIVA\Documents\GitHub\SHIVAProject\shiva-gui\vs\shiva-gui\Release\shiva-gui.lib
