c:\users\shiva\documents\github\shivaproject\shiva-gui\vs\shiva-gui\release\shiva-gui.pdb
c:\users\shiva\documents\github\shivaproject\shiva-gui\vs\shiva-gui\release\tinyxmlparser.obj
c:\users\shiva\documents\github\shivaproject\shiva-gui\vs\shiva-gui\release\tinyxmlerror.obj
c:\users\shiva\documents\github\shivaproject\shiva-gui\vs\shiva-gui\release\tinyxml.obj
c:\users\shiva\documents\github\shivaproject\shiva-gui\vs\shiva-gui\release\tinystr.obj
c:\users\shiva\documents\github\shivaproject\shiva-gui\vs\shiva-gui\release\tinyfiledialogs.obj
c:\users\shiva\documents\github\shivaproject\shiva-gui\vs\shiva-gui\release\gpuvariable.obj
c:\users\shiva\documents\github\shivaproject\shiva-gui\vs\shiva-gui\release\gpushader.obj
c:\users\shiva\documents\github\shivaproject\shiva-gui\vs\shiva-gui\release\gpuprogram.obj
c:\users\shiva\documents\github\shivaproject\shiva-gui\vs\shiva-gui\release\fbo.obj
c:\users\shiva\documents\github\shivaproject\shiva-gui\vs\shiva-gui\release\createnewprofileactivity.obj
c:\users\shiva\documents\github\shivaproject\shiva-gui\vs\shiva-gui\release\scanner.obj
c:\users\shiva\documents\github\shivaproject\shiva-gui\vs\shiva-gui\release\autoscanner.obj
c:\users\shiva\documents\github\shivaproject\shiva-gui\vs\shiva-gui\release\internalevent.obj
c:\users\shiva\documents\github\shivaproject\shiva-gui\vs\shiva-gui\release\inputevent.obj
c:\users\shiva\documents\github\shivaproject\shiva-gui\vs\shiva-gui\release\inputcontroller.obj
c:\users\shiva\documents\github\shivaproject\shiva-gui\vs\shiva-gui\release\debouncer.obj
c:\users\shiva\documents\github\shivaproject\shiva-gui\vs\shiva-gui\release\resourcemanager.obj
c:\users\shiva\documents\github\shivaproject\shiva-gui\vs\shiva-gui\release\imagetextview.obj
c:\users\shiva\documents\github\shivaproject\shiva-gui\vs\shiva-gui\release\imagetextbutton.obj
c:\users\shiva\documents\github\shivaproject\shiva-gui\vs\shiva-gui\release\guimanager.obj
c:\users\shiva\documents\github\shivaproject\shiva-gui\vs\shiva-gui\release\customlayoutelement.obj
c:\users\shiva\documents\github\shivaproject\shiva-gui\vs\shiva-gui\release\customlayout.obj
c:\users\shiva\documents\github\shivaproject\shiva-gui\vs\shiva-gui\release\listview.obj
c:\users\shiva\documents\github\shivaproject\shiva-gui\vs\shiva-gui\release\layoutadapterview.obj
c:\users\shiva\documents\github\shivaproject\shiva-gui\vs\shiva-gui\release\dataadapter.obj
c:\users\shiva\documents\github\shivaproject\shiva-gui\vs\shiva-gui\release\adapterview.obj
c:\users\shiva\documents\github\shivaproject\shiva-gui\vs\shiva-gui\release\view.obj
c:\users\shiva\documents\github\shivaproject\shiva-gui\vs\shiva-gui\release\textview.obj
c:\users\shiva\documents\github\shivaproject\shiva-gui\vs\shiva-gui\release\textbutton.obj
c:\users\shiva\documents\github\shivaproject\shiva-gui\vs\shiva-gui\release\slider.obj
c:\users\shiva\documents\github\shivaproject\shiva-gui\vs\shiva-gui\release\imagebutton.obj
c:\users\shiva\documents\github\shivaproject\shiva-gui\vs\shiva-gui\release\colourselector.obj
c:\users\shiva\documents\github\shivaproject\shiva-gui\vs\shiva-gui\release\statelistdrawable.obj
c:\users\shiva\documents\github\shivaproject\shiva-gui\vs\shiva-gui\release\rectdrawable.obj
c:\users\shiva\documents\github\shivaproject\shiva-gui\vs\shiva-gui\release\ninepatch.obj
c:\users\shiva\documents\github\shivaproject\shiva-gui\vs\shiva-gui\release\layeredimagedrawable.obj
c:\users\shiva\documents\github\shivaproject\shiva-gui\vs\shiva-gui\release\drawable.obj
c:\users\shiva\documents\github\shivaproject\shiva-gui\vs\shiva-gui\release\bitmapdrawable.obj
c:\users\shiva\documents\github\shivaproject\shiva-gui\vs\shiva-gui\release\guicontroller.obj
c:\users\shiva\documents\github\shivaproject\shiva-gui\vs\shiva-gui\release\definitions.obj
c:\users\shiva\documents\github\shivaproject\shiva-gui\vs\shiva-gui\release\sharedsettings.obj
c:\users\shiva\documents\github\shivaproject\shiva-gui\vs\shiva-gui\release\audiomanager.obj
c:\users\shiva\documents\github\shivaproject\shiva-gui\vs\shiva-gui\release\audioclip.obj
c:\users\shiva\documents\github\shivaproject\shiva-gui\vs\shiva-gui\release\profilechooseractivity.obj
c:\users\shiva\documents\github\shivaproject\shiva-gui\vs\shiva-gui\release\filesystemdataprovider.obj
c:\users\shiva\documents\github\shivaproject\shiva-gui\vs\shiva-gui\release\window.obj
c:\users\shiva\documents\github\shivaproject\shiva-gui\vs\shiva-gui\release\sharedpreferences.obj
c:\users\shiva\documents\github\shivaproject\shiva-gui\vs\shiva-gui\release\profilemanager.obj
c:\users\shiva\documents\github\shivaproject\shiva-gui\vs\shiva-gui\release\bundle.obj
c:\users\shiva\documents\github\shivaproject\shiva-gui\vs\shiva-gui\release\activity.obj
c:\users\shiva\documents\github\shivaproject\shiva-gui\vs\shiva-gui\release\viewgroup.obj
c:\users\shiva\documents\github\shivaproject\shiva-gui\vs\shiva-gui\release\scrollcontainer.obj
c:\users\shiva\documents\github\shivaproject\shiva-gui\vs\shiva-gui\release\linearlayoutparams.obj
c:\users\shiva\documents\github\shivaproject\shiva-gui\vs\shiva-gui\release\linearlayout.obj
c:\users\shiva\documents\github\shivaproject\shiva-gui\vs\shiva-gui\release\layoutparams.obj
c:\users\shiva\documents\github\shivaproject\shiva-gui\vs\shiva-gui\release\customlayoutparams.obj
c:\users\shiva\documents\github\shivaproject\shiva-gui\vs\shiva-gui\release\shiva-gui.lib
c:\users\shiva\documents\github\shivaproject\shiva-gui\vs\shiva-gui\release\shiva-gui.tlog\cl.command.1.tlog
c:\users\shiva\documents\github\shivaproject\shiva-gui\vs\shiva-gui\release\shiva-gui.tlog\cl.read.1.tlog
c:\users\shiva\documents\github\shivaproject\shiva-gui\vs\shiva-gui\release\shiva-gui.tlog\cl.write.1.tlog
c:\users\shiva\documents\github\shivaproject\shiva-gui\vs\shiva-gui\release\shiva-gui.tlog\lib-link.read.1.tlog
c:\users\shiva\documents\github\shivaproject\shiva-gui\vs\shiva-gui\release\shiva-gui.tlog\lib-link.write.1.tlog
c:\users\shiva\documents\github\shivaproject\shiva-gui\vs\shiva-gui\release\shiva-gui.tlog\lib.command.1.tlog
