C:\SHIVA\SHIVA-METAMORPHOSIS\VS\SHIVA-METAMORPHOSIS\RELEASE\AABB.OBJ
C:\SHIVA\SHIVA-METAMORPHOSIS\VS\SHIVA-METAMORPHOSIS\RELEASE\ANGLE_WEIGHTED_AVERAGE.OBJ
C:\SHIVA\SHIVA-METAMORPHOSIS\VS\SHIVA-METAMORPHOSIS\RELEASE\BINARY_FILE.OBJ
C:\SHIVA\SHIVA-METAMORPHOSIS\VS\SHIVA-METAMORPHOSIS\RELEASE\BRUTE_FORCE.OBJ
C:\SHIVA\SHIVA-METAMORPHOSIS\VS\SHIVA-METAMORPHOSIS\RELEASE\BVH.OBJ
C:\SHIVA\SHIVA-METAMORPHOSIS\VS\SHIVA-METAMORPHOSIS\RELEASE\BVH_ACCELERATED.OBJ
C:\SHIVA\SHIVA-METAMORPHOSIS\VS\SHIVA-METAMORPHOSIS\RELEASE\BVH_BRANCH.OBJ
C:\SHIVA\SHIVA-METAMORPHOSIS\VS\SHIVA-METAMORPHOSIS\RELEASE\CELL_WEIGHTS.OBJ
C:\SHIVA\SHIVA-METAMORPHOSIS\VS\SHIVA-METAMORPHOSIS\RELEASE\COLOURCHOOSER.OBJ
C:\SHIVA\SHIVA-METAMORPHOSIS\VS\SHIVA-METAMORPHOSIS\RELEASE\DIRECT_NORMAL.OBJ
C:\SHIVA\SHIVA-METAMORPHOSIS\VS\SHIVA-METAMORPHOSIS\RELEASE\DISCRETIZED_FIELD.OBJ
C:\SHIVA\SHIVA-METAMORPHOSIS\VS\SHIVA-METAMORPHOSIS\RELEASE\DISTANCE_RECORD.OBJ
C:\SHIVA\SHIVA-METAMORPHOSIS\VS\SHIVA-METAMORPHOSIS\RELEASE\DISTANCE_TO_AABB.OBJ
C:\SHIVA\SHIVA-METAMORPHOSIS\VS\SHIVA-METAMORPHOSIS\RELEASE\DISTANCE_TO_TRIANGLE.OBJ
C:\SHIVA\SHIVA-METAMORPHOSIS\VS\SHIVA-METAMORPHOSIS\RELEASE\GLVOLUMETEXTURE.OBJ
C:\SHIVA\SHIVA-METAMORPHOSIS\VS\SHIVA-METAMORPHOSIS\RELEASE\GRID.OBJ
C:\SHIVA\SHIVA-METAMORPHOSIS\VS\SHIVA-METAMORPHOSIS\RELEASE\GRID_ACCELERATED.OBJ
C:\SHIVA\SHIVA-METAMORPHOSIS\VS\SHIVA-METAMORPHOSIS\RELEASE\GRID_CELL.OBJ
C:\SHIVA\SHIVA-METAMORPHOSIS\VS\SHIVA-METAMORPHOSIS\RELEASE\GRID_OFFSET_CELL.OBJ
C:\SHIVA\SHIVA-METAMORPHOSIS\VS\SHIVA-METAMORPHOSIS\RELEASE\INDEX_3D.OBJ
C:\SHIVA\SHIVA-METAMORPHOSIS\VS\SHIVA-METAMORPHOSIS\RELEASE\MAIN.OBJ
C:\SHIVA\SHIVA-METAMORPHOSIS\VS\SHIVA-METAMORPHOSIS\RELEASE\MESH.OBJ
C:\SHIVA\SHIVA-METAMORPHOSIS\VS\SHIVA-METAMORPHOSIS\RELEASE\MODELCHOOSER.OBJ
C:\SHIVA\SHIVA-METAMORPHOSIS\VS\SHIVA-METAMORPHOSIS\RELEASE\OBJ_FILE.OBJ
C:\SHIVA\SHIVA-METAMORPHOSIS\VS\SHIVA-METAMORPHOSIS\RELEASE\OCTNODE.OBJ
C:\SHIVA\SHIVA-METAMORPHOSIS\VS\SHIVA-METAMORPHOSIS\RELEASE\OCTREE.OBJ
C:\SHIVA\SHIVA-METAMORPHOSIS\VS\SHIVA-METAMORPHOSIS\RELEASE\OCTREE_ACCELERATED.OBJ
C:\SHIVA\SHIVA-METAMORPHOSIS\VS\SHIVA-METAMORPHOSIS\RELEASE\POINT3D.OBJ
C:\SHIVA\SHIVA-METAMORPHOSIS\VS\SHIVA-METAMORPHOSIS\RELEASE\REGULAR_GRID.OBJ
C:\SHIVA\SHIVA-METAMORPHOSIS\VS\SHIVA-METAMORPHOSIS\RELEASE\ROTATIONCHOOSER.OBJ
C:\SHIVA\SHIVA-METAMORPHOSIS\VS\SHIVA-METAMORPHOSIS\RELEASE\SCOPE.OBJ
C:\SHIVA\SHIVA-METAMORPHOSIS\VS\SHIVA-METAMORPHOSIS\RELEASE\SDFVIEW.OBJ
C:\SHIVA\SHIVA-METAMORPHOSIS\VS\SHIVA-METAMORPHOSIS\RELEASE\SHIVA-METAMORPHOSIS.EXE.INTERMEDIATE.MANIFEST
C:\SHIVA\SHIVA-METAMORPHOSIS\VS\SHIVA-METAMORPHOSIS\RELEASE\SHIVAMETAMORPHOSIS.OBJ
C:\SHIVA\SHIVA-METAMORPHOSIS\VS\SHIVA-METAMORPHOSIS\RELEASE\SHIVAMODELMANAGER.OBJ
C:\SHIVA\SHIVA-METAMORPHOSIS\VS\SHIVA-METAMORPHOSIS\RELEASE\THREAD_WORK.OBJ
C:\SHIVA\SHIVA-METAMORPHOSIS\VS\SHIVA-METAMORPHOSIS\RELEASE\TRIANGLE_AABB_OVERLAP.OBJ
C:\SHIVA\SHIVA-METAMORPHOSIS\VS\SHIVA-METAMORPHOSIS\RELEASE\TRIANGLE_TRIANGLE_OVERLAP.OBJ
C:\SHIVA\SHIVA-METAMORPHOSIS\VS\SHIVA-METAMORPHOSIS\RELEASE\VC100.PDB
C:\SHIVA\SHIVA-METAMORPHOSIS\VS\SHIVA-METAMORPHOSIS\RELEASE\VOLUMELOADER.OBJ
C:\SHIVA\SHIVA-METAMORPHOSIS\VS\SHIVA-METAMORPHOSIS\SHIVA-METAMORPHOSIS.EXE
C:\SHIVA\SHIVA-METAMORPHOSIS\VS\SHIVA-METAMORPHOSIS\SHIVA-METAMORPHOSIS.PDB
C:\SHIVAProject\shiva-metamorphosis\vs\shiva-metamorphosis\Release\aabb.obj
C:\SHIVAProject\shiva-metamorphosis\vs\shiva-metamorphosis\Release\angle_weighted_average.obj
C:\SHIVAProject\shiva-metamorphosis\vs\shiva-metamorphosis\Release\binary_file.obj
C:\SHIVAProject\shiva-metamorphosis\vs\shiva-metamorphosis\Release\brute_force.obj
C:\SHIVAProject\shiva-metamorphosis\vs\shiva-metamorphosis\Release\bvh.obj
C:\SHIVAProject\shiva-metamorphosis\vs\shiva-metamorphosis\Release\bvh_accelerated.obj
C:\SHIVAProject\shiva-metamorphosis\vs\shiva-metamorphosis\Release\bvh_branch.obj
C:\SHIVAProject\shiva-metamorphosis\vs\shiva-metamorphosis\Release\cell_weights.obj
C:\SHIVAProject\shiva-metamorphosis\vs\shiva-metamorphosis\Release\cl.command.1.tlog
C:\SHIVAProject\shiva-metamorphosis\vs\shiva-metamorphosis\Release\CL.read.1.tlog
C:\SHIVAProject\shiva-metamorphosis\vs\shiva-metamorphosis\Release\CL.write.1.tlog
C:\SHIVAProject\shiva-metamorphosis\vs\shiva-metamorphosis\Release\ColourChooser.obj
C:\SHIVAProject\shiva-metamorphosis\vs\shiva-metamorphosis\Release\direct_normal.obj
C:\SHIVAProject\shiva-metamorphosis\vs\shiva-metamorphosis\Release\discretized_field.obj
C:\SHIVAProject\shiva-metamorphosis\vs\shiva-metamorphosis\Release\distance_record.obj
C:\SHIVAProject\shiva-metamorphosis\vs\shiva-metamorphosis\Release\distance_to_aabb.obj
C:\SHIVAProject\shiva-metamorphosis\vs\shiva-metamorphosis\Release\distance_to_triangle.obj
C:\SHIVAProject\shiva-metamorphosis\vs\shiva-metamorphosis\Release\GLVolumeTexture.obj
C:\SHIVAProject\shiva-metamorphosis\vs\shiva-metamorphosis\Release\grid.obj
C:\SHIVAProject\shiva-metamorphosis\vs\shiva-metamorphosis\Release\grid_accelerated.obj
C:\SHIVAProject\shiva-metamorphosis\vs\shiva-metamorphosis\Release\grid_cell.obj
C:\SHIVAProject\shiva-metamorphosis\vs\shiva-metamorphosis\Release\grid_offset_cell.obj
C:\SHIVAProject\shiva-metamorphosis\vs\shiva-metamorphosis\Release\index_3d.obj
C:\SHIVAProject\shiva-metamorphosis\vs\shiva-metamorphosis\Release\link.command.1.tlog
C:\SHIVAProject\shiva-metamorphosis\vs\shiva-metamorphosis\Release\link.read.1.tlog
C:\SHIVAProject\shiva-metamorphosis\vs\shiva-metamorphosis\Release\link.write.1.tlog
C:\SHIVAProject\shiva-metamorphosis\vs\shiva-metamorphosis\Release\main.obj
C:\SHIVAProject\shiva-metamorphosis\vs\shiva-metamorphosis\Release\mesh.obj
C:\SHIVAProject\shiva-metamorphosis\vs\shiva-metamorphosis\Release\ModelChooser.obj
C:\SHIVAProject\shiva-metamorphosis\vs\shiva-metamorphosis\Release\mt.command.1.tlog
C:\SHIVAProject\shiva-metamorphosis\vs\shiva-metamorphosis\Release\mt.read.1.tlog
C:\SHIVAProject\shiva-metamorphosis\vs\shiva-metamorphosis\Release\mt.write.1.tlog
C:\SHIVAProject\shiva-metamorphosis\vs\shiva-metamorphosis\Release\obj_file.obj
C:\SHIVAProject\shiva-metamorphosis\vs\shiva-metamorphosis\Release\octnode.obj
C:\SHIVAProject\shiva-metamorphosis\vs\shiva-metamorphosis\Release\octree.obj
C:\SHIVAProject\shiva-metamorphosis\vs\shiva-metamorphosis\Release\octree_accelerated.obj
C:\SHIVAProject\shiva-metamorphosis\vs\shiva-metamorphosis\Release\point3d.obj
C:\SHIVAProject\shiva-metamorphosis\vs\shiva-metamorphosis\Release\regular_grid.obj
C:\SHIVAProject\shiva-metamorphosis\vs\shiva-metamorphosis\Release\RotationChooser.obj
C:\SHIVAProject\shiva-metamorphosis\vs\shiva-metamorphosis\Release\scope.obj
C:\SHIVAProject\shiva-metamorphosis\vs\shiva-metamorphosis\Release\SDFView.obj
C:\SHIVAProject\shiva-metamorphosis\vs\shiva-metamorphosis\Release\shiva-metamorphosis.exe.intermediate.manifest
C:\SHIVAProject\shiva-metamorphosis\vs\shiva-metamorphosis\Release\ShivaMetamorphosis.obj
C:\SHIVAProject\shiva-metamorphosis\vs\shiva-metamorphosis\Release\shiva-metamorphosis.write.1.tlog
C:\SHIVAProject\shiva-metamorphosis\vs\shiva-metamorphosis\Release\ShivaModelManager.obj
C:\SHIVAProject\shiva-metamorphosis\vs\shiva-metamorphosis\Release\thread_work.obj
C:\SHIVAProject\shiva-metamorphosis\vs\shiva-metamorphosis\Release\triangle_aabb_overlap.obj
C:\SHIVAProject\shiva-metamorphosis\vs\shiva-metamorphosis\Release\triangle_triangle_overlap.obj
C:\SHIVAProject\shiva-metamorphosis\vs\shiva-metamorphosis\Release\vc100.pdb
C:\SHIVAProject\shiva-metamorphosis\vs\shiva-metamorphosis\Release\VolumeLoader.obj
C:\SHIVAProject\shiva-metamorphosis\vs\shiva-metamorphosis\shiva-metamorphosis.exe
C:\SHIVAProject\shiva-metamorphosis\vs\shiva-metamorphosis\shiva-metamorphosis.pdb
