Build started 14/03/2017 12:16:15.
     1>Project "C:\SHIVAProject\shiva-metamorphosis\vs\shiva-metamorphosis\shiva-metamorphosis.vcxproj" on node 2 (build target(s)).
     1>InitializeBuildStatus:
         Creating "C:\SHIVAProject\shiva-metamorphosis\vs\shiva-metamorphosis\Release\shiva-metamorphosis.unsuccessfulbuild" because "AlwaysCreate" was specified.
       ClCompile:
         c:\Program Files (x86)\Microsoft Visual Studio 10.0\VC\bin\CL.exe /c /I"C:\SHIVAProject\shiva-metamorphosis\vs\shiva-metamorphosis\\..\..\include" /I"C:\SHIVAProject\shiva-metamorphosis\vs\shiva-metamorphosis\\..\..\..\include" /I"C:\SHIVAProject\shiva-metamorphosis\vs\shiva-metamorphosis\\..\..\..\shiva-gui\include" /I"C:\SHIVAProject\shiva-metamorphosis\vs\shiva-metamorphosis\\..\..\..\include\cml-1_0_2" /I"C:\SHIVAProject\shiva-metamorphosis\vs\shiva-metamorphosis\\..\..\..\include\SDL" /I"C:\SHIVAProject\shiva-metamorphosis\vs\shiva-metamorphosis\\..\..\..\include\SDL_image" /I"C:\SHIVAProject\shiva-metamorphosis\vs\shiva-metamorphosis\\..\..\..\include\SDL_ttf" /I"C:\SHIVAProject\shiva-metamorphosis\vs\shiva-metamorphosis\\..\..\..\include\SDL_mixer" /I"C:\SHIVAProject\shiva-metamorphosis\vs\shiva-metamorphosis\\..\..\..\include\vol_metamorph" /Zi /nologo /W3 /WX- /O2 /Oi /Oy- /GL /D WIN32 /D NDEBUG /D _CONSOLE /D TIXML_USE_STL /D _UNICODE /D UNICODE /Gm- /EHsc /MD /GS /Gy /fp:precise /Zc:wchar_t /Zc:forScope /Fo"C:\SHIVAProject\shiva-metamorphosis\vs\shiva-metamorphosis\Release\\" /Fd"C:\SHIVAProject\shiva-metamorphosis\vs\shiva-metamorphosis\Release\vc100.pdb" /Gd /TP /analyze- /errorReport:prompt ..\..\src\SDFView.cpp
         SDFView.cpp
     1>..\..\src\SDFView.cpp(50): warning C4305: '=' : truncation from 'double' to 'float'
     1>..\..\src\SDFView.cpp(200): warning C4244: 'argument' : conversion from 'int' to 'const float', possible loss of data
     1>..\..\src\SDFView.cpp(200): warning C4244: 'argument' : conversion from 'int' to 'const float', possible loss of data
     1>..\..\src\SDFView.cpp(200): warning C4244: 'argument' : conversion from 'int' to 'const float', possible loss of data
     1>..\..\src\SDFView.cpp(200): warning C4244: 'argument' : conversion from 'int' to 'const float', possible loss of data
     1>..\..\src\SDFView.cpp(213): warning C4244: '=' : conversion from 'double' to 'float', possible loss of data
     1>..\..\src\SDFView.cpp(217): warning C4244: '=' : conversion from 'double' to 'float', possible loss of data
     1>..\..\src\SDFView.cpp(221): warning C4244: '=' : conversion from 'double' to 'float', possible loss of data
     1>..\..\src\SDFView.cpp(226): warning C4244: '=' : conversion from 'double' to 'float', possible loss of data
     1>..\..\src\SDFView.cpp(230): warning C4244: '=' : conversion from 'double' to 'float', possible loss of data
     1>..\..\src\SDFView.cpp(234): warning C4244: '=' : conversion from 'double' to 'float', possible loss of data
     1>..\..\src\SDFView.cpp(238): warning C4244: 'argument' : conversion from 'double' to 'float', possible loss of data
     1>..\..\src\SDFView.cpp(254): warning C4244: 'argument' : conversion from 'double' to 'float', possible loss of data
     1>..\..\src\SDFView.cpp(254): warning C4244: 'argument' : conversion from 'double' to 'float', possible loss of data
     1>..\..\src\SDFView.cpp(254): warning C4244: 'argument' : conversion from 'double' to 'float', possible loss of data
     1>..\..\src\SDFView.cpp(313): warning C4244: 'argument' : conversion from 'double' to 'float', possible loss of data
     1>..\..\src\SDFView.cpp(313): warning C4244: 'argument' : conversion from 'double' to 'float', possible loss of data
     1>..\..\src\SDFView.cpp(313): warning C4244: 'argument' : conversion from 'double' to 'float', possible loss of data
     1>..\..\src\SDFView.cpp(390): warning C4244: '=' : conversion from 'double' to 'float', possible loss of data
     1>C:\SHIVAProject\include\cml-1_0_2\cml/mathlib/matrix_transform.h(547): warning C4244: 'initializing' : conversion from 'int' to 'value_type', possible loss of data
                 C:\SHIVAProject\include\cml-1_0_2\cml/mathlib/matrix_transform.h(571) : see reference to function template instantiation 'void cml::matrix_look_at<float,cml::fixed<Dim1,Dim2>,cml::col_basis,cml::col_major,VecT_1,VecT_2,VecT_3>(cml::matrix<Element,ArrayType,BasisOrient,Layout> &,const VecT_1 &,const VecT_2 &,const VecT_3 &,cml::Handedness)' being compiled
                 with
                 [
                     Dim1=4,
                     Dim2=4,
                     VecT_1=cml::vector3f,
                     VecT_2=cml::vector3f,
                     VecT_3=cml::vector3f,
                     Element=float,
                     ArrayType=cml::fixed<4,4>,
                     BasisOrient=cml::col_basis,
                     Layout=cml::col_major
                 ]
                 ..\..\src\SDFView.cpp(43) : see reference to function template instantiation 'void cml::matrix_look_at_RH<float,cml::fixed<Dim1,Dim2>,cml::col_basis,cml::col_major,cml::vector3f,cml::vector3f,cml::vector3f>(cml::matrix<Element,ArrayType,BasisOrient,Layout> &,const VecT_1 &,const VecT_2 &,const VecT_3 &)' being compiled
                 with
                 [
                     Dim1=4,
                     Dim2=4,
                     Element=float,
                     ArrayType=cml::fixed<4,4>,
                     BasisOrient=cml::col_basis,
                     Layout=cml::col_major,
                     VecT_1=cml::vector3f,
                     VecT_2=cml::vector3f,
                     VecT_3=cml::vector3f
                 ]
     1>C:\SHIVAProject\include\cml-1_0_2\cml/mathlib/matrix_projection.h(55): warning C4244: 'initializing' : conversion from 'int' to 'value_type', possible loss of data
                 C:\SHIVAProject\include\cml-1_0_2\cml/mathlib/matrix_projection.h(105) : see reference to function template instantiation 'void cml::matrix_perspective<float,cml::fixed<Dim1,Dim2>,cml::col_basis,cml::col_major>(cml::matrix<Element,ArrayType,BasisOrient,Layout> &,E,E,E,E,E,E,cml::Handedness,cml::ZClip)' being compiled
                 with
                 [
                     Dim1=4,
                     Dim2=4,
                     Element=float,
                     ArrayType=cml::fixed<4,4>,
                     BasisOrient=cml::col_basis,
                     Layout=cml::col_major,
                     E=float
                 ]
                 ..\..\src\SDFView.cpp(49) : see reference to function template instantiation 'void cml::matrix_perspective_RH<float,cml::fixed<Dim1,Dim2>,cml::col_basis,cml::col_major>(cml::matrix<Element,ArrayType,BasisOrient,Layout> &,E,E,E,E,E,E,cml::ZClip)' being compiled
                 with
                 [
                     Dim1=4,
                     Dim2=4,
                     Element=float,
                     ArrayType=cml::fixed<4,4>,
                     BasisOrient=cml::col_basis,
                     Layout=cml::col_major,
                     E=float
                 ]
       Link:
         c:\Program Files (x86)\Microsoft Visual Studio 10.0\VC\bin\link.exe /ERRORREPORT:PROMPT /OUT:"C:\SHIVAProject\shiva-metamorphosis\vs\shiva-metamorphosis\shiva-metamorphosis.exe" /INCREMENTAL:NO /NOLOGO /LIBPATH:"C:\SHIVAProject\shiva-metamorphosis\vs\shiva-metamorphosis\\..\..\..\shiva-gui\vs\shiva-gui\Release" /LIBPATH:"C:\SHIVAProject\shiva-metamorphosis\vs\shiva-metamorphosis\\..\..\..\lib\glee" /LIBPATH:"C:\SHIVAProject\shiva-metamorphosis\vs\shiva-metamorphosis\\..\..\..\lib\vol_metamorph" /LIBPATH:"C:\SHIVAProject\shiva-metamorphosis\vs\shiva-metamorphosis\\..\..\..\lib\SDL\SDL\Release" /LIBPATH:"C:\SHIVAProject\shiva-metamorphosis\vs\shiva-metamorphosis\\..\..\..\lib\SDL\SDLmain\Release" /LIBPATH:"C:\SHIVAProject\shiva-metamorphosis\vs\shiva-metamorphosis\\..\..\..\lib\SDL_image\Release" /LIBPATH:"C:\SHIVAProject\shiva-metamorphosis\vs\shiva-metamorphosis\\..\..\..\lib\SDL_mixer\Release" /LIBPATH:"C:\SHIVAProject\shiva-metamorphosis\vs\shiva-metamorphosis\\..\..\..\lib\SDL_ttf\Release" /LIBPATH:"C:\SHIVAProject\shiva-metamorphosis\vs\shiva-metamorphosis\\..\..\..\lib\boost" "shiva-gui.lib" vol_metamorph.lib GLee.lib Opengl32.lib glu32.lib SDL2.lib SDL2main.lib SDL2_image.lib SDL2_ttf.lib kernel32.lib user32.lib gdi32.lib winspool.lib comdlg32.lib advapi32.lib shell32.lib ole32.lib oleaut32.lib uuid.lib odbc32.lib odbccp32.lib /NODEFAULTLIB:libc.lib /MANIFEST /ManifestFile:"C:\SHIVAProject\shiva-metamorphosis\vs\shiva-metamorphosis\Release\shiva-metamorphosis.exe.intermediate.manifest" /MANIFESTUAC:"level='asInvoker' uiAccess='false'" /DEBUG /PDB:"C:\SHIVAProject\shiva-metamorphosis\vs\shiva-metamorphosis\shiva-metamorphosis.pdb" /SUBSYSTEM:CONSOLE /OPT:REF /OPT:ICF /LTCG /TLBID:1 /DYNAMICBASE /NXCOMPAT /IMPLIB:"C:\SHIVAProject\shiva-metamorphosis\vs\shiva-metamorphosis\shiva-metamorphosis.lib" /MACHINE:X86 "C:\SHIVAProject\shiva-metamorphosis\vs\shiva-metamorphosis\Release\ColourChooser.obj"
         "C:\SHIVAProject\shiva-metamorphosis\vs\shiva-metamorphosis\Release\GLVolumeTexture.obj"
         "C:\SHIVAProject\shiva-metamorphosis\vs\shiva-metamorphosis\Release\main.obj"
         "C:\SHIVAProject\shiva-metamorphosis\vs\shiva-metamorphosis\Release\ModelChooser.obj"
         "C:\SHIVAProject\shiva-metamorphosis\vs\shiva-metamorphosis\Release\RotationChooser.obj"
         "C:\SHIVAProject\shiva-metamorphosis\vs\shiva-metamorphosis\Release\SDFView.obj"
         "C:\SHIVAProject\shiva-metamorphosis\vs\shiva-metamorphosis\Release\aabb.obj"
         "C:\SHIVAProject\shiva-metamorphosis\vs\shiva-metamorphosis\Release\binary_file.obj"
         "C:\SHIVAProject\shiva-metamorphosis\vs\shiva-metamorphosis\Release\mesh.obj"
         "C:\SHIVAProject\shiva-metamorphosis\vs\shiva-metamorphosis\Release\obj_file.obj"
         "C:\SHIVAProject\shiva-metamorphosis\vs\shiva-metamorphosis\Release\point3d.obj"
         "C:\SHIVAProject\shiva-metamorphosis\vs\shiva-metamorphosis\Release\thread_work.obj"
         "C:\SHIVAProject\shiva-metamorphosis\vs\shiva-metamorphosis\Release\triangle_aabb_overlap.obj"
         "C:\SHIVAProject\shiva-metamorphosis\vs\shiva-metamorphosis\Release\triangle_triangle_overlap.obj"
         "C:\SHIVAProject\shiva-metamorphosis\vs\shiva-metamorphosis\Release\discretized_field.obj"
         "C:\SHIVAProject\shiva-metamorphosis\vs\shiva-metamorphosis\Release\grid.obj"
         "C:\SHIVAProject\shiva-metamorphosis\vs\shiva-metamorphosis\Release\distance_record.obj"
         "C:\SHIVAProject\shiva-metamorphosis\vs\shiva-metamorphosis\Release\distance_to_aabb.obj"
         "C:\SHIVAProject\shiva-metamorphosis\vs\shiva-metamorphosis\Release\distance_to_triangle.obj"
         "C:\SHIVAProject\shiva-metamorphosis\vs\shiva-metamorphosis\Release\brute_force.obj"
         "C:\SHIVAProject\shiva-metamorphosis\vs\shiva-metamorphosis\Release\bvh.obj"
         "C:\SHIVAProject\shiva-metamorphosis\vs\shiva-metamorphosis\Release\bvh_accelerated.obj"
         "C:\SHIVAProject\shiva-metamorphosis\vs\shiva-metamorphosis\Release\bvh_branch.obj"
         "C:\SHIVAProject\shiva-metamorphosis\vs\shiva-metamorphosis\Release\cell_weights.obj"
         "C:\SHIVAProject\shiva-metamorphosis\vs\shiva-metamorphosis\Release\grid_accelerated.obj"
         "C:\SHIVAProject\shiva-metamorphosis\vs\shiva-metamorphosis\Release\grid_cell.obj"
         "C:\SHIVAProject\shiva-metamorphosis\vs\shiva-metamorphosis\Release\grid_offset_cell.obj"
         "C:\SHIVAProject\shiva-metamorphosis\vs\shiva-metamorphosis\Release\index_3d.obj"
         "C:\SHIVAProject\shiva-metamorphosis\vs\shiva-metamorphosis\Release\octnode.obj"
         "C:\SHIVAProject\shiva-metamorphosis\vs\shiva-metamorphosis\Release\octree.obj"
         "C:\SHIVAProject\shiva-metamorphosis\vs\shiva-metamorphosis\Release\octree_accelerated.obj"
         "C:\SHIVAProject\shiva-metamorphosis\vs\shiva-metamorphosis\Release\regular_grid.obj"
         "C:\SHIVAProject\shiva-metamorphosis\vs\shiva-metamorphosis\Release\scope.obj"
         "C:\SHIVAProject\shiva-metamorphosis\vs\shiva-metamorphosis\Release\angle_weighted_average.obj"
         "C:\SHIVAProject\shiva-metamorphosis\vs\shiva-metamorphosis\Release\direct_normal.obj"
         "C:\SHIVAProject\shiva-metamorphosis\vs\shiva-metamorphosis\Release\ShivaMetamorphosis.obj"
         "C:\SHIVAProject\shiva-metamorphosis\vs\shiva-metamorphosis\Release\ShivaModelManager.obj"
         "C:\SHIVAProject\shiva-metamorphosis\vs\shiva-metamorphosis\Release\VolumeLoader.obj"
         Generating code
         Finished generating code
     1>shiva-gui.lib(SDL_windows_main.obj) : warning LNK4099: PDB 'vc100.pdb' was not found with 'shiva-gui.lib(SDL_windows_main.obj)' or at 'C:\SHIVAProject\shiva-metamorphosis\vs\shiva-metamorphosis\vc100.pdb'; linking object as if no debug info
         shiva-metamorphosis.vcxproj -> C:\SHIVAProject\shiva-metamorphosis\vs\shiva-metamorphosis\shiva-metamorphosis.exe
       Manifest:
         C:\Program Files (x86)\Microsoft SDKs\Windows\v7.0A\bin\mt.exe /nologo /verbose /outputresource:"C:\SHIVAProject\shiva-metamorphosis\vs\shiva-metamorphosis\shiva-metamorphosis.exe;#1" /manifest "C:\SHIVAProject\shiva-metamorphosis\vs\shiva-metamorphosis\Release\shiva-metamorphosis.exe.intermediate.manifest"
       FinalizeBuildStatus:
         Deleting file "C:\SHIVAProject\shiva-metamorphosis\vs\shiva-metamorphosis\Release\shiva-metamorphosis.unsuccessfulbuild".
         Touching "C:\SHIVAProject\shiva-metamorphosis\vs\shiva-metamorphosis\Release\shiva-metamorphosis.lastbuildstate".
     1>Done Building Project "C:\SHIVAProject\shiva-metamorphosis\vs\shiva-metamorphosis\shiva-metamorphosis.vcxproj" (build target(s)).

Build succeeded.

Time Elapsed 00:00:11.73
