Build started 14/12/2012 12:47:47.
     1>Project "D:\Projects\libs\SDL_image-2.0.0\VisualC\SDL_image.vcxproj" on node 2 (build target(s)).
     1>InitializeBuildStatus:
         Touching ".\Debug\SDL2_image.unsuccessfulbuild".
       ClCompile:
         All outputs are up-to-date.
       ResourceCompile:
         All outputs are up-to-date.
       ManifestResourceCompile:
         All outputs are up-to-date.
       Link:
         C:\Program Files (x86)\Microsoft Visual Studio 10.0\VC\bin\link.exe /ERRORREPORT:PROMPT /OUT:".\Debug\SDL2_image.dll" /INCREMENTAL /NOLOGO SDL.lib kernel32.lib user32.lib gdi32.lib winspool.lib comdlg32.lib advapi32.lib shell32.lib ole32.lib oleaut32.lib uuid.lib odbc32.lib odbccp32.lib /MANIFEST /ManifestFile:".\Debug\SDL2_image.dll.intermediate.manifest" /MANIFESTUAC:"level='asInvoker' uiAccess='false'" /DEBUG /PDB:".\Debug/SDL_image.pdb" /SUBSYSTEM:WINDOWS /TLBID:1 /DYNAMICBASE /NXCOMPAT /IMPLIB:".\Debug\SDL2_image.lib" /MACHINE:X86 /DLL .\Debug\Version.res
         .\Debug\SDL2_image.dll.embed.manifest.res
         .\Debug\IMG.obj
         .\Debug\IMG_bmp.obj
         .\Debug\IMG_gif.obj
         .\Debug\IMG_jpg.obj
         .\Debug\IMG_lbm.obj
         .\Debug\IMG_pcx.obj
         .\Debug\IMG_png.obj
         .\Debug\IMG_pnm.obj
         .\Debug\IMG_tga.obj
         .\Debug\IMG_tif.obj
         .\Debug\IMG_webp.obj
         .\Debug\IMG_xcf.obj
         .\Debug\IMG_xpm.obj
         .\Debug\IMG_xv.obj
         .\Debug\IMG_xxx.obj
            Creating library .\Debug\SDL2_image.lib and object .\Debug\SDL2_image.exp
       Manifest:
         C:\Program Files (x86)\Microsoft SDKs\Windows\v7.0A\bin\mt.exe /nologo /verbose /out:".\Debug\SDL2_image.dll.embed.manifest" /manifest .\Debug\SDL2_image.dll.intermediate.manifest
         C:\Program Files (x86)\Microsoft SDKs\Windows\v7.0A\bin\rc.exe /nologo /fo".\Debug\SDL2_image.dll.embed.manifest.res" .\Debug\SDL2_image_manifest.rc 
       LinkEmbedManifest:
         C:\Program Files (x86)\Microsoft Visual Studio 10.0\VC\bin\link.exe /ERRORREPORT:PROMPT /OUT:".\Debug\SDL2_image.dll" /INCREMENTAL /NOLOGO SDL.lib kernel32.lib user32.lib gdi32.lib winspool.lib comdlg32.lib advapi32.lib shell32.lib ole32.lib oleaut32.lib uuid.lib odbc32.lib odbccp32.lib /MANIFEST /ManifestFile:".\Debug\SDL2_image.dll.intermediate.manifest" /MANIFESTUAC:"level='asInvoker' uiAccess='false'" /DEBUG /PDB:".\Debug/SDL_image.pdb" /SUBSYSTEM:WINDOWS /TLBID:1 /DYNAMICBASE /NXCOMPAT /IMPLIB:".\Debug\SDL2_image.lib" /MACHINE:X86 /DLL .\Debug\Version.res
         .\Debug\SDL2_image.dll.embed.manifest.res
         .\Debug\IMG.obj
         .\Debug\IMG_bmp.obj
         .\Debug\IMG_gif.obj
         .\Debug\IMG_jpg.obj
         .\Debug\IMG_lbm.obj
         .\Debug\IMG_pcx.obj
         .\Debug\IMG_png.obj
         .\Debug\IMG_pnm.obj
         .\Debug\IMG_tga.obj
         .\Debug\IMG_tif.obj
         .\Debug\IMG_webp.obj
         .\Debug\IMG_xcf.obj
         .\Debug\IMG_xpm.obj
         .\Debug\IMG_xv.obj
         .\Debug\IMG_xxx.obj
         SDL_image.vcxproj -> D:\Projects\libs\SDL_image-2.0.0\VisualC\.\Debug\SDL2_image.dll
       FinalizeBuildStatus:
         Deleting file ".\Debug\SDL2_image.unsuccessfulbuild".
         Touching ".\Debug\SDL2_image.lastbuildstate".
     1>Done Building Project "D:\Projects\libs\SDL_image-2.0.0\VisualC\SDL_image.vcxproj" (build target(s)).

Build succeeded.

Time Elapsed 00:00:01.02
