Build started 06/03/2013 10:31:49.
     1>Project "D:\Projects\libs\sdl_mixer\VisualC\SDL_mixer.vcxproj" on node 2 (build target(s)).
     1>InitializeBuildStatus:
         Touching ".\Release\SDL2_mixer.unsuccessfulbuild".
       ClCompile:
         All outputs are up-to-date.
       ResourceCompile:
         All outputs are up-to-date.
       Link:
         C:\Program Files (x86)\Microsoft Visual Studio 10.0\VC\bin\link.exe /ERRORREPORT:PROMPT /OUT:".\Release\SDL2_mixer.dll" /INCREMENTAL:NO /NOLOGO winmm.lib SDL2.lib kernel32.lib user32.lib gdi32.lib winspool.lib comdlg32.lib advapi32.lib shell32.lib ole32.lib oleaut32.lib uuid.lib odbc32.lib odbccp32.lib /MANIFEST /ManifestFile:".\Release\SDL2_mixer.dll.intermediate.manifest" /MANIFESTUAC:"level='asInvoker' uiAccess='false'" /PDB:".\Release/SDL_mixer.pdb" /SUBSYSTEM:WINDOWS /TLBID:1 /DYNAMICBASE /NXCOMPAT /IMPLIB:".\Release\SDL2_mixer.lib" /MACHINE:X86 /DLL .\Release\Version.res
         .\Release\dynamic_flac.obj
         .\Release\dynamic_fluidsynth.obj
         .\Release\dynamic_mod.obj
         .\Release\dynamic_mp3.obj
         .\Release\dynamic_ogg.obj
         .\Release\effect_position.obj
         .\Release\effect_stereoreverse.obj
         .\Release\effects_internal.obj
         .\Release\fluidsynth.obj
         .\Release\load_aiff.obj
         .\Release\load_flac.obj
         .\Release\load_ogg.obj
         .\Release\load_voc.obj
         .\Release\mixer.obj
         .\Release\music.obj
         .\Release\music_cmd.obj
         .\Release\music_flac.obj
         .\Release\music_mad.obj
         .\Release\music_mod.obj
         .\Release\music_ogg.obj
         .\Release\wavestream.obj
         D:\Projects\libs\sdl_mixer\VisualC\native_midi\Release\native_midi.lib
         D:\Projects\libs\sdl_mixer\VisualC\timidity\Release\timidity.lib
            Creating library .\Release\SDL2_mixer.lib and object .\Release\SDL2_mixer.exp
         SDL_mixer.vcxproj -> D:\Projects\libs\sdl_mixer\VisualC\.\Release\SDL2_mixer.dll
       Manifest:
         C:\Program Files (x86)\Microsoft SDKs\Windows\v7.0A\bin\mt.exe /nologo /verbose /outputresource:".\Release\SDL2_mixer.dll;#2" /manifest .\Release\SDL2_mixer.dll.intermediate.manifest
       FinalizeBuildStatus:
         Deleting file ".\Release\SDL2_mixer.unsuccessfulbuild".
         Touching ".\Release\SDL2_mixer.lastbuildstate".
     1>Done Building Project "D:\Projects\libs\sdl_mixer\VisualC\SDL_mixer.vcxproj" (build target(s)).

Build succeeded.

Time Elapsed 00:00:00.47
