c:\users\shiva\documents\github\shivaproject\shiva-voltree\vs\shiva-voltree\release\shiva-voltree.pdb
c:\users\shiva\documents\github\shivaproject\shiva-voltree\vs\shiva-voltree\release\springyvec3.obj
c:\users\shiva\documents\github\shivaproject\shiva-voltree\vs\shiva-voltree\release\glslrenderer.obj
c:\users\shiva\documents\github\shivaproject\shiva-voltree\vs\shiva-voltree\release\transformnode.obj
c:\users\shiva\documents\github\shivaproject\shiva-voltree\vs\shiva-voltree\release\csg.obj
c:\users\shiva\documents\github\shivaproject\shiva-voltree\vs\shiva-voltree\release\blendcsg.obj
c:\users\shiva\documents\github\shivaproject\shiva-voltree\vs\shiva-voltree\release\cachingpolicy.obj
c:\users\shiva\documents\github\shivaproject\shiva-voltree\vs\shiva-voltree\release\volcachenode.obj
c:\users\shiva\documents\github\shivaproject\shiva-voltree\vs\shiva-voltree\release\torusnode.obj
c:\users\shiva\documents\github\shivaproject\shiva-voltree\vs\shiva-voltree\release\spherenode.obj
c:\users\shiva\documents\github\shivaproject\shiva-voltree\vs\shiva-voltree\release\cylindernode.obj
c:\users\shiva\documents\github\shivaproject\shiva-voltree\vs\shiva-voltree\release\cubenode.obj
c:\users\shiva\documents\github\shivaproject\shiva-voltree\vs\shiva-voltree\release\conenode.obj
c:\users\shiva\documents\github\shivaproject\shiva-voltree\vs\shiva-voltree\release\volumetree.obj
c:\users\shiva\documents\github\shivaproject\shiva-voltree\vs\shiva-voltree\release\parametermanager.obj
c:\users\shiva\documents\github\shivaproject\shiva-voltree\vs\shiva-voltree\release\node.obj
c:\users\shiva\documents\github\shivaproject\shiva-voltree\vs\shiva-voltree\release\shader.obj
c:\users\shiva\documents\github\shivaproject\shiva-voltree\vs\shiva-voltree\release\camera.obj
c:\users\shiva\documents\github\shivaproject\shiva-voltree\vs\shiva-voltree\release\shiva-voltree.lib
c:\users\shiva\documents\github\shivaproject\shiva-voltree\vs\shiva-voltree\release\shiva-voltree.tlog\cl.command.1.tlog
c:\users\shiva\documents\github\shivaproject\shiva-voltree\vs\shiva-voltree\release\shiva-voltree.tlog\cl.read.1.tlog
c:\users\shiva\documents\github\shivaproject\shiva-voltree\vs\shiva-voltree\release\shiva-voltree.tlog\cl.write.1.tlog
c:\users\shiva\documents\github\shivaproject\shiva-voltree\vs\shiva-voltree\release\shiva-voltree.tlog\lib-link.read.1.tlog
c:\users\shiva\documents\github\shivaproject\shiva-voltree\vs\shiva-voltree\release\shiva-voltree.tlog\lib-link.write.1.tlog
c:\users\shiva\documents\github\shivaproject\shiva-voltree\vs\shiva-voltree\release\shiva-voltree.tlog\lib.command.1.tlog
