Build started 18/09/2021 13:01:45.
     1>Project "D:\SHIVAProject\shiva-voltree\vs\shiva-voltree\shiva-voltree.vcxproj" on node 2 (build target(s)).
     1>InitializeBuildStatus:
         Creating "Release\shiva-voltree.unsuccessfulbuild" because "AlwaysCreate" was specified.
       ClCompile:
         All outputs are up-to-date.
       Lib:
         C:\Program Files (x86)\Microsoft Visual Studio 10.0\VC\bin\x86_amd64\Lib.exe /OUT:"D:\SHIVAProject\shiva-voltree\vs\shiva-voltree\Release\shiva-voltree.lib" Opengl32.lib glu32.lib glew32.lib /LIBPATH:"D:\SHIVAProject\shiva-voltree\vs\shiva-voltree\\..\..\..\lib\x64\boost" /LIBPATH:"D:\SHIVAProject\shiva-voltree\vs\shiva-voltree\\..\..\..\lib\x64\glew" /NOLOGO /LTCG Release\Camera.obj
         Release\Shader.obj
         Release\Node.obj
         Release\ParameterManager.obj
         Release\VolumeTree.obj
         Release\ConeNode.obj
         Release\CubeNode.obj
         Release\CylinderNode.obj
         Release\SphereNode.obj
         Release\TorusNode.obj
         Release\VolCacheNode.obj
         Release\CachingPolicy.obj
         Release\BlendCSG.obj
         Release\CSG.obj
         Release\TransformNode.obj
         Release\GLSLRenderer.obj
         Release\SpringyVec3.obj
     1>glu32.lib(GLU32.dll) : warning LNK4006: __NULL_IMPORT_DESCRIPTOR already defined in Opengl32.lib(OPENGL32.dll); second definition ignored
     1>glew32.lib(glew32.dll) : warning LNK4006: __NULL_IMPORT_DESCRIPTOR already defined in Opengl32.lib(OPENGL32.dll); second definition ignored
         shiva-voltree.vcxproj -> D:\SHIVAProject\shiva-voltree\vs\shiva-voltree\Release\shiva-voltree.lib
       FinalizeBuildStatus:
         Deleting file "Release\shiva-voltree.unsuccessfulbuild".
         Touching "Release\shiva-voltree.lastbuildstate".
     1>Done Building Project "D:\SHIVAProject\shiva-voltree\vs\shiva-voltree\shiva-voltree.vcxproj" (build target(s)).

Build succeeded.

Time Elapsed 00:00:08.59
