C:\SHIVAPROJECT\SHIVA-METAMORPHOSIS\VS\SHIVA-METAMORPHOSIS\DEBUG\AABB.OBJ
C:\SHIVAPROJECT\SHIVA-METAMORPHOSIS\VS\SHIVA-METAMORPHOSIS\DEBUG\ANGLE_WEIGHTED_AVERAGE.OBJ
C:\SHIVAPROJECT\SHIVA-METAMORPHOSIS\VS\SHIVA-METAMORPHOSIS\DEBUG\BINARY_FILE.OBJ
C:\SHIVAPROJECT\SHIVA-METAMORPHOSIS\VS\SHIVA-METAMORPHOSIS\DEBUG\BRUTE_FORCE.OBJ
C:\SHIVAPROJECT\SHIVA-METAMORPHOSIS\VS\SHIVA-METAMORPHOSIS\DEBUG\BVH.OBJ
C:\SHIVAPROJECT\SHIVA-METAMORPHOSIS\VS\SHIVA-METAMORPHOSIS\DEBUG\BVH_ACCELERATED.OBJ
C:\SHIVAPROJECT\SHIVA-METAMORPHOSIS\VS\SHIVA-METAMORPHOSIS\DEBUG\BVH_BRANCH.OBJ
C:\SHIVAPROJECT\SHIVA-METAMORPHOSIS\VS\SHIVA-METAMORPHOSIS\DEBUG\CELL_WEIGHTS.OBJ
C:\SHIVAProject\shiva-metamorphosis\vs\shiva-metamorphosis\Debug\cl.command.1.tlog
C:\SHIVAProject\shiva-metamorphosis\vs\shiva-metamorphosis\Debug\CL.read.1.tlog
C:\SHIVAProject\shiva-metamorphosis\vs\shiva-metamorphosis\Debug\CL.write.1.tlog
C:\SHIVAPROJECT\SHIVA-METAMORPHOSIS\VS\SHIVA-METAMORPHOSIS\DEBUG\COLOURCHOOSER.OBJ
C:\SHIVAPROJECT\SHIVA-METAMORPHOSIS\VS\SHIVA-METAMORPHOSIS\DEBUG\DIRECT_NORMAL.OBJ
C:\SHIVAPROJECT\SHIVA-METAMORPHOSIS\VS\SHIVA-METAMORPHOSIS\DEBUG\DISCRETIZED_FIELD.OBJ
C:\SHIVAPROJECT\SHIVA-METAMORPHOSIS\VS\SHIVA-METAMORPHOSIS\DEBUG\DISTANCE_RECORD.OBJ
C:\SHIVAPROJECT\SHIVA-METAMORPHOSIS\VS\SHIVA-METAMORPHOSIS\DEBUG\DISTANCE_TO_AABB.OBJ
C:\SHIVAPROJECT\SHIVA-METAMORPHOSIS\VS\SHIVA-METAMORPHOSIS\DEBUG\DISTANCE_TO_TRIANGLE.OBJ
C:\SHIVAPROJECT\SHIVA-METAMORPHOSIS\VS\SHIVA-METAMORPHOSIS\DEBUG\GLVOLUMETEXTURE.OBJ
C:\SHIVAPROJECT\SHIVA-METAMORPHOSIS\VS\SHIVA-METAMORPHOSIS\DEBUG\GRID.OBJ
C:\SHIVAPROJECT\SHIVA-METAMORPHOSIS\VS\SHIVA-METAMORPHOSIS\DEBUG\GRID_ACCELERATED.OBJ
C:\SHIVAPROJECT\SHIVA-METAMORPHOSIS\VS\SHIVA-METAMORPHOSIS\DEBUG\GRID_CELL.OBJ
C:\SHIVAPROJECT\SHIVA-METAMORPHOSIS\VS\SHIVA-METAMORPHOSIS\DEBUG\GRID_OFFSET_CELL.OBJ
C:\SHIVAPROJECT\SHIVA-METAMORPHOSIS\VS\SHIVA-METAMORPHOSIS\DEBUG\INDEX_3D.OBJ
C:\SHIVAProject\shiva-metamorphosis\vs\shiva-metamorphosis\Debug\link.command.1.tlog
C:\SHIVAProject\shiva-metamorphosis\vs\shiva-metamorphosis\Debug\link.read.1.tlog
C:\SHIVAProject\shiva-metamorphosis\vs\shiva-metamorphosis\Debug\link.write.1.tlog
C:\SHIVAPROJECT\SHIVA-METAMORPHOSIS\VS\SHIVA-METAMORPHOSIS\DEBUG\MAIN.OBJ
C:\SHIVAPROJECT\SHIVA-METAMORPHOSIS\VS\SHIVA-METAMORPHOSIS\DEBUG\MESH.OBJ
C:\SHIVAPROJECT\SHIVA-METAMORPHOSIS\VS\SHIVA-METAMORPHOSIS\DEBUG\MODELCHOOSER.OBJ
C:\SHIVAProject\shiva-metamorphosis\vs\shiva-metamorphosis\Debug\mt.command.1.tlog
C:\SHIVAProject\shiva-metamorphosis\vs\shiva-metamorphosis\Debug\mt.read.1.tlog
C:\SHIVAProject\shiva-metamorphosis\vs\shiva-metamorphosis\Debug\mt.write.1.tlog
C:\SHIVAPROJECT\SHIVA-METAMORPHOSIS\VS\SHIVA-METAMORPHOSIS\DEBUG\OBJ_FILE.OBJ
C:\SHIVAPROJECT\SHIVA-METAMORPHOSIS\VS\SHIVA-METAMORPHOSIS\DEBUG\OCTNODE.OBJ
C:\SHIVAPROJECT\SHIVA-METAMORPHOSIS\VS\SHIVA-METAMORPHOSIS\DEBUG\OCTREE.OBJ
C:\SHIVAPROJECT\SHIVA-METAMORPHOSIS\VS\SHIVA-METAMORPHOSIS\DEBUG\OCTREE_ACCELERATED.OBJ
C:\SHIVAPROJECT\SHIVA-METAMORPHOSIS\VS\SHIVA-METAMORPHOSIS\DEBUG\POINT3D.OBJ
C:\SHIVAPROJECT\SHIVA-METAMORPHOSIS\VS\SHIVA-METAMORPHOSIS\DEBUG\REGULAR_GRID.OBJ
C:\SHIVAPROJECT\SHIVA-METAMORPHOSIS\VS\SHIVA-METAMORPHOSIS\DEBUG\ROTATIONCHOOSER.OBJ
C:\SHIVAPROJECT\SHIVA-METAMORPHOSIS\VS\SHIVA-METAMORPHOSIS\DEBUG\SCOPE.OBJ
C:\SHIVAPROJECT\SHIVA-METAMORPHOSIS\VS\SHIVA-METAMORPHOSIS\DEBUG\SDFVIEW.OBJ
C:\SHIVAPROJECT\SHIVA-METAMORPHOSIS\VS\SHIVA-METAMORPHOSIS\DEBUG\SHIVA-METAMORPHOSIS.EXE.INTERMEDIATE.MANIFEST
C:\SHIVAPROJECT\SHIVA-METAMORPHOSIS\VS\SHIVA-METAMORPHOSIS\DEBUG\SHIVAMETAMORPHOSIS.OBJ
C:\SHIVAProject\shiva-metamorphosis\vs\shiva-metamorphosis\Debug\shiva-metamorphosis.vcxprojResolveAssemblyReference.cache
C:\SHIVAProject\shiva-metamorphosis\vs\shiva-metamorphosis\Debug\shiva-metamorphosis.write.1.tlog
C:\SHIVAPROJECT\SHIVA-METAMORPHOSIS\VS\SHIVA-METAMORPHOSIS\DEBUG\SHIVAMODELMANAGER.OBJ
C:\SHIVAPROJECT\SHIVA-METAMORPHOSIS\VS\SHIVA-METAMORPHOSIS\DEBUG\THREAD_WORK.OBJ
C:\SHIVAPROJECT\SHIVA-METAMORPHOSIS\VS\SHIVA-METAMORPHOSIS\DEBUG\TRIANGLE_AABB_OVERLAP.OBJ
C:\SHIVAPROJECT\SHIVA-METAMORPHOSIS\VS\SHIVA-METAMORPHOSIS\DEBUG\TRIANGLE_TRIANGLE_OVERLAP.OBJ
C:\SHIVAProject\shiva-metamorphosis\vs\shiva-metamorphosis\Debug\vc100.idb
C:\SHIVAPROJECT\SHIVA-METAMORPHOSIS\VS\SHIVA-METAMORPHOSIS\DEBUG\VC100.PDB
C:\SHIVAPROJECT\SHIVA-METAMORPHOSIS\VS\SHIVA-METAMORPHOSIS\DEBUG\VOLUMELOADER.OBJ
C:\SHIVAPROJECT\SHIVA-METAMORPHOSIS\VS\SHIVA-METAMORPHOSIS\SHIVA-METAMORPHOSIS.EXE
C:\SHIVAPROJECT\SHIVA-METAMORPHOSIS\VS\SHIVA-METAMORPHOSIS\SHIVA-METAMORPHOSIS.PDB
