c:\users\shiva\documents\github\shivaproject\shiva-voltree\vs\shiva-voltree\debug\shiva-voltree.pdb
c:\users\shiva\documents\github\shivaproject\shiva-voltree\vs\shiva-voltree\debug\shiva-voltree.idb
c:\users\shiva\documents\github\shivaproject\shiva-voltree\vs\shiva-voltree\debug\camera.obj
c:\users\shiva\documents\github\shivaproject\shiva-voltree\vs\shiva-voltree\debug\shader.obj
c:\users\shiva\documents\github\shivaproject\shiva-voltree\vs\shiva-voltree\debug\node.obj
c:\users\shiva\documents\github\shivaproject\shiva-voltree\vs\shiva-voltree\debug\parametermanager.obj
c:\users\shiva\documents\github\shivaproject\shiva-voltree\vs\shiva-voltree\debug\volumetree.obj
c:\users\shiva\documents\github\shivaproject\shiva-voltree\vs\shiva-voltree\debug\conenode.obj
c:\users\shiva\documents\github\shivaproject\shiva-voltree\vs\shiva-voltree\debug\cubenode.obj
c:\users\shiva\documents\github\shivaproject\shiva-voltree\vs\shiva-voltree\debug\cylindernode.obj
c:\users\shiva\documents\github\shivaproject\shiva-voltree\vs\shiva-voltree\debug\spherenode.obj
c:\users\shiva\documents\github\shivaproject\shiva-voltree\vs\shiva-voltree\debug\torusnode.obj
c:\users\shiva\documents\github\shivaproject\shiva-voltree\vs\shiva-voltree\debug\volcachenode.obj
c:\users\shiva\documents\github\shivaproject\shiva-voltree\vs\shiva-voltree\debug\cachingpolicy.obj
c:\users\shiva\documents\github\shivaproject\shiva-voltree\vs\shiva-voltree\debug\blendcsg.obj
c:\users\shiva\documents\github\shivaproject\shiva-voltree\vs\shiva-voltree\debug\csg.obj
c:\users\shiva\documents\github\shivaproject\shiva-voltree\vs\shiva-voltree\debug\transformnode.obj
c:\users\shiva\documents\github\shivaproject\shiva-voltree\vs\shiva-voltree\debug\glslrenderer.obj
c:\users\shiva\documents\github\shivaproject\shiva-voltree\vs\shiva-voltree\debug\springyvec3.obj
c:\users\shiva\documents\github\shivaproject\shiva-voltree\vs\shiva-voltree\debug\shiva-voltree.lib
c:\users\shiva\documents\github\shivaproject\shiva-voltree\vs\shiva-voltree\debug\shiva-voltree.tlog\cl.command.1.tlog
c:\users\shiva\documents\github\shivaproject\shiva-voltree\vs\shiva-voltree\debug\shiva-voltree.tlog\cl.read.1.tlog
c:\users\shiva\documents\github\shivaproject\shiva-voltree\vs\shiva-voltree\debug\shiva-voltree.tlog\cl.write.1.tlog
c:\users\shiva\documents\github\shivaproject\shiva-voltree\vs\shiva-voltree\debug\shiva-voltree.tlog\lib-link.read.1.tlog
c:\users\shiva\documents\github\shivaproject\shiva-voltree\vs\shiva-voltree\debug\shiva-voltree.tlog\lib-link.write.1.tlog
c:\users\shiva\documents\github\shivaproject\shiva-voltree\vs\shiva-voltree\debug\shiva-voltree.tlog\lib.command.1.tlog
