Build started 22/12/2016 14:19:22.
     1>Project "C:\SHIVAProject\shiva-voltree\vs\shiva-voltree\shiva-voltree.vcxproj" on node 2 (build target(s)).
     1>InitializeBuildStatus:
         Creating "Debug\shiva-voltree.unsuccessfulbuild" because "AlwaysCreate" was specified.
       ClCompile:
         c:\Program Files (x86)\Microsoft Visual Studio 10.0\VC\bin\CL.exe /c /I"C:\SHIVAProject\shiva-voltree\vs\shiva-voltree\\..\..\include" /I"C:\SHIVAProject\shiva-voltree\vs\shiva-voltree\\..\..\..\include" /I"C:\SHIVAProject\shiva-voltree\vs\shiva-voltree\\..\..\..\include\cml-1_0_2" /I"C:\SHIVAProject\shiva-voltree\vs\shiva-voltree\\..\..\..\include\vol_totem" /I"C:\SHIVAProject\shiva-voltree\vs\shiva-voltree\\..\..\..\include\vol_metamorph" /I"C:\SHIVAProject\shiva-voltree\vs\shiva-voltree\\..\..\..\shiva-gui\include" /ZI /nologo /W3 /WX- /Od /Oy- /D WIN32 /D _DEBUG /D _WINDOWS /D _USRDLL /D SHIVAVOLTREE_EXPORTS /D TIXML_USE_STL /D _UNICODE /D UNICODE /Gm /EHsc /RTC1 /MDd /GS /fp:precise /Zc:wchar_t /Zc:forScope /Fo"Debug\\" /Fd"Debug\vc100.pdb" /Gd /TP /analyze- /errorReport:prompt ..\..\src\VolumeRenderer\GLSLRenderer.cpp ..\..\src\VolumeRenderer\SpringyVec3.cpp ..\..\src\VolumeTree\CachingPolicies\CachingPolicy.cpp ..\..\src\VolumeTree\Node.cpp ..\..\src\VolumeTree\Nodes\TransformNode.cpp ..\..\src\VolumeTree\VolumeTree.cpp
         VolumeTree.cpp
     1>c:\shivaproject\include\vol_totem\vol_totem.h(43): warning C4251: 'totemio::TotemNode::m_childNodes' : class 'std::vector<_Ty>' needs to have dll-interface to be used by clients of class 'totemio::TotemNode'
                 with
                 [
                     _Ty=totemio::TotemNode *
                 ]
     1>c:\shivaproject\include\vol_totem\vol_totem.h(44): warning C4251: 'totemio::TotemNode::m_nodeID' : class 'std::basic_string<_Elem,_Traits,_Ax>' needs to have dll-interface to be used by clients of class 'totemio::TotemNode'
                 with
                 [
                     _Elem=char,
                     _Traits=std::char_traits<char>,
                     _Ax=std::allocator<char>
                 ]
         Generating Code...
         Skipping... (no relevant changes detected)
         TransformNode.cpp
         Node.cpp
         CachingPolicy.cpp
         SpringyVec3.cpp
         GLSLRenderer.cpp
       Lib:
         c:\Program Files (x86)\Microsoft Visual Studio 10.0\VC\bin\Lib.exe /OUT:"C:\SHIVAProject\shiva-voltree\vs\shiva-voltree\Debug\shiva-voltree.lib" GLee.lib glu32.lib /LIBPATH:"C:\SHIVAProject\shiva-voltree\vs\shiva-voltree\\..\..\..\lib\boost" /LIBPATH:"C:\SHIVAProject\shiva-voltree\vs\shiva-voltree\\..\..\..\lib\glee" /NOLOGO Debug\Node.obj
         Debug\ParameterManager.obj
         Debug\VolumeTree.obj
         Debug\ConeNode.obj
         Debug\CubeNode.obj
         Debug\CylinderNode.obj
         Debug\SphereNode.obj
         Debug\TorusNode.obj
         Debug\VolCacheNode.obj
         Debug\CachingPolicy.obj
         Debug\BlendCSG.obj
         Debug\CSG.obj
         Debug\TransformNode.obj
         Debug\GLSLRenderer.obj
         Debug\SpringyVec3.obj
         shiva-voltree.vcxproj -> C:\SHIVAProject\shiva-voltree\vs\shiva-voltree\Debug\shiva-voltree.lib
       FinalizeBuildStatus:
         Deleting file "Debug\shiva-voltree.unsuccessfulbuild".
         Touching "Debug\shiva-voltree.lastbuildstate".
     1>Done Building Project "C:\SHIVAProject\shiva-voltree\vs\shiva-voltree\shiva-voltree.vcxproj" (build target(s)).

Build succeeded.

Time Elapsed 00:00:02.29
