Build started 04/03/2013 14:26:54.
     1>Project "D:\Projects\libs\SDL_ttf-2.0.0\VisualC\SDL_ttf.vcxproj" on node 2 (build target(s)).
     1>InitializeBuildStatus:
         Creating ".\Debug\SDL2_ttf.unsuccessfulbuild" because "AlwaysCreate" was specified.
       ClCompile:
         C:\Program Files (x86)\Microsoft Visual Studio 10.0\VC\bin\CL.exe /c /I"D:\Projects\libs\SDL_ttf-2.0.0\VisualC\\external\include" /ZI /nologo /W3 /WX- /Od /Oy- /D WIN32 /D _DEBUG /D _WINDOWS /D _VC80_UPGRADE=0x0600 /D _WINDLL /Gm /EHsc /MD /GS /fp:precise /Zc:wchar_t /Zc:forScope /Fo".\Debug\\" /Fd".\Debug\vc100.pdb" /Gd /TC /analyze- /errorReport:prompt ..\SDL_ttf.c
         SDL_ttf.c
     1>d:\projects\libs\sdl_ttf-2.0.0\sdl_ttf.c(393): warning C4244: '=' : conversion from 'Sint64' to 'int', possible loss of data
     1>d:\projects\libs\sdl_ttf-2.0.0\sdl_ttf.c(1189): warning C4101: 'ch' : unreferenced local variable
     1>d:\projects\libs\sdl_ttf-2.0.0\sdl_ttf.c(1713): warning C4101: 'ch' : unreferenced local variable
     1>d:\projects\libs\sdl_ttf-2.0.0\sdl_ttf.c(1968): warning C4018: '<=' : signed/unsigned mismatch
     1>d:\projects\libs\sdl_ttf-2.0.0\sdl_ttf.c(1881): warning C4101: 'i' : unreferenced local variable
       ResourceCompile:
         C:\Program Files (x86)\Microsoft SDKs\Windows\v7.0A\bin\rc.exe /D _DEBUG /D _VC80_UPGRADE=0x0600 /l"0x0409" /nologo /fo".\Debug\Version.res" Version.rc 
       Link:
         C:\Program Files (x86)\Microsoft Visual Studio 10.0\VC\bin\link.exe /ERRORREPORT:PROMPT /OUT:".\Debug\SDL2_ttf.dll" /NOLOGO /LIBPATH:"D:\Projects\libs\SDL_ttf-2.0.0\VisualC\\external\lib\x86" SDL2.lib "libfreetype-6.lib" kernel32.lib user32.lib gdi32.lib winspool.lib comdlg32.lib advapi32.lib shell32.lib ole32.lib oleaut32.lib uuid.lib odbc32.lib odbccp32.lib /MANIFEST /ManifestFile:".\Debug\SDL2_ttf.dll.intermediate.manifest" /MANIFESTUAC:"level='asInvoker' uiAccess='false'" /DEBUG /PDB:".\Debug/SDL_ttf.pdb" /SUBSYSTEM:WINDOWS /TLBID:1 /DYNAMICBASE /NXCOMPAT /IMPLIB:".\Debug\SDL2_ttf.lib" /MACHINE:X86 /DLL .\Debug\Version.res
         .\Debug\SDL_ttf.obj
         LINK : .\Debug\SDL2_ttf.dll not found or not built by the last incremental link; performing full link
            Creating library .\Debug\SDL2_ttf.lib and object .\Debug\SDL2_ttf.exp
         SDL_ttf.vcxproj -> D:\Projects\libs\SDL_ttf-2.0.0\VisualC\.\Debug\SDL2_ttf.dll
       Manifest:
         C:\Program Files (x86)\Microsoft SDKs\Windows\v7.0A\bin\mt.exe /nologo /verbose /outputresource:".\Debug\SDL2_ttf.dll;#2" /manifest .\Debug\SDL2_ttf.dll.intermediate.manifest
       FinalizeBuildStatus:
         Deleting file ".\Debug\SDL2_ttf.unsuccessfulbuild".
         Touching ".\Debug\SDL2_ttf.lastbuildstate".
     1>Done Building Project "D:\Projects\libs\SDL_ttf-2.0.0\VisualC\SDL_ttf.vcxproj" (build target(s)).

Build succeeded.

Time Elapsed 00:00:00.96
