c:\users\shiva\documents\github\shivaproject\shiva-totem\vs\shiva-totem\debug\vc142.pdb
c:\users\shiva\documents\github\shivaproject\shiva-totem\vs\shiva-totem\debug\vc142.idb
c:\users\shiva\documents\github\shivaproject\shiva-totem\vs\shiva-totem\debug\assembleactivity.obj
c:\users\shiva\documents\github\shivaproject\shiva-totem\vs\shiva-totem\debug\blendadjustactivity.obj
c:\users\shiva\documents\github\shivaproject\shiva-totem\vs\shiva-totem\debug\command.obj
c:\users\shiva\documents\github\shivaproject\shiva-totem\vs\shiva-totem\debug\commandmanager.obj
c:\users\shiva\documents\github\shivaproject\shiva-totem\vs\shiva-totem\debug\drillactivity.obj
c:\users\shiva\documents\github\shivaproject\shiva-totem\vs\shiva-totem\debug\editmenuactivity.obj
c:\users\shiva\documents\github\shivaproject\shiva-totem\vs\shiva-totem\debug\main.obj
c:\users\shiva\documents\github\shivaproject\shiva-totem\vs\shiva-totem\debug\nudgeactivity.obj
c:\users\shiva\documents\github\shivaproject\shiva-totem\vs\shiva-totem\debug\printactivity.obj
c:\users\shiva\documents\github\shivaproject\shiva-totem\vs\shiva-totem\debug\rotateobjectactivity.obj
c:\users\shiva\documents\github\shivaproject\shiva-totem\vs\shiva-totem\debug\shivamodelmanager.obj
c:\users\shiva\documents\github\shivaproject\shiva-totem\vs\shiva-totem\debug\uniformscaleactivity.obj
c:\users\shiva\documents\github\shivaproject\shiva-totem\vs\shiva-totem\debug\volview.obj
c:\users\shiva\documents\github\shivaproject\shiva-totem\vs\shiva-totem\debug\totemcontroller.obj
c:\users\shiva\documents\github\shivaproject\shiva-totem\vs\shiva-totem\debug\totemobject.obj
c:\users\shiva\documents\github\shivaproject\shiva-totem\vs\shiva-totem\debug\totemoperation.obj
c:\users\shiva\documents\github\shivaproject\shiva-totem\vs\shiva-totem\debug\totemopdrill.obj
c:\users\shiva\documents\github\shivaproject\shiva-totem\vs\shiva-totem\shiva-totem.exe
c:\users\shiva\documents\github\shivaproject\shiva-totem\vs\shiva-totem\shiva-totem.pdb
c:\users\shiva\documents\github\shivaproject\shiva-totem\vs\shiva-totem\debug\shiva-totem.res
c:\users\shiva\documents\github\shivaproject\shiva-totem\vs\shiva-totem\debug\shiva-totem.tlog\cl.command.1.tlog
c:\users\shiva\documents\github\shivaproject\shiva-totem\vs\shiva-totem\debug\shiva-totem.tlog\cl.read.1.tlog
c:\users\shiva\documents\github\shivaproject\shiva-totem\vs\shiva-totem\debug\shiva-totem.tlog\cl.write.1.tlog
c:\users\shiva\documents\github\shivaproject\shiva-totem\vs\shiva-totem\debug\shiva-totem.tlog\link.command.1.tlog
c:\users\shiva\documents\github\shivaproject\shiva-totem\vs\shiva-totem\debug\shiva-totem.tlog\link.read.1.tlog
c:\users\shiva\documents\github\shivaproject\shiva-totem\vs\shiva-totem\debug\shiva-totem.tlog\link.write.1.tlog
c:\users\shiva\documents\github\shivaproject\shiva-totem\vs\shiva-totem\debug\shiva-totem.tlog\rc.command.1.tlog
c:\users\shiva\documents\github\shivaproject\shiva-totem\vs\shiva-totem\debug\shiva-totem.tlog\rc.read.1.tlog
c:\users\shiva\documents\github\shivaproject\shiva-totem\vs\shiva-totem\debug\shiva-totem.tlog\rc.write.1.tlog
