Build started 22/09/2021 18:24:25.
     1>Project "C:\Users\SHIVA\Documents\GitHub\SHIVAProject\shiva-totem\vs\shiva-totem\shiva-demo01.vcxproj" on node 2 (build target(s)).
     1>InitializeBuildStatus:
         Creating "C:\Users\SHIVA\Documents\GitHub\SHIVAProject\shiva-totem\vs\shiva-totem\Debug\shiva-totem.unsuccessfulbuild" because "AlwaysCreate" was specified.
       ClCompile:
         All outputs are up-to-date.
       ResourceCompile:
         All outputs are up-to-date.
       Link:
         C:\Program Files (x86)\Microsoft Visual Studio 10.0\VC\bin\x86_amd64\link.exe /ERRORREPORT:PROMPT /OUT:"C:\Users\SHIVA\Documents\GitHub\SHIVAProject\shiva-totem\vs\shiva-totem\shiva-totem.exe" /VERSION:"2.0" /INCREMENTAL:NO /NOLOGO /LIBPATH:"C:\Users\SHIVA\Documents\GitHub\SHIVAProject\shiva-totem\vs\shiva-totem\\..\..\..\shiva-gui\vs\shiva-gui\Debug" /LIBPATH:"C:\Users\SHIVA\Documents\GitHub\SHIVAProject\shiva-totem\vs\shiva-totem\\..\..\..\shiva-voltree\vs\shiva-voltree\Debug" /LIBPATH:"C:\Users\SHIVA\Documents\GitHub\SHIVAProject\shiva-totem\vs\shiva-totem\\..\..\..\lib\x64\boost" /LIBPATH:"C:\Users\SHIVA\Documents\GitHub\SHIVAProject\shiva-totem\vs\shiva-totem\\..\..\..\lib\x64\SDL\SDL" /LIBPATH:"C:\Users\SHIVA\Documents\GitHub\SHIVAProject\shiva-totem\vs\shiva-totem\\..\..\..\lib\x64\SDL\SDLmain" /LIBPATH:"C:\Users\SHIVA\Documents\GitHub\SHIVAProject\shiva-totem\vs\shiva-totem\\..\..\..\lib\x64\SDL_image" /LIBPATH:"C:\Users\SHIVA\Documents\GitHub\SHIVAProject\shiva-totem\vs\shiva-totem\\..\..\..\lib\x64\SDL_mixer" /LIBPATH:"C:\Users\SHIVA\Documents\GitHub\SHIVAProject\shiva-totem\vs\shiva-totem\\..\..\..\lib\x64\SDL_ttf" /LIBPATH:"C:\Users\SHIVA\Documents\GitHub\SHIVAProject\shiva-totem\vs\shiva-totem\\..\..\..\lib\x64\vol_totem" /LIBPATH:"C:\Users\SHIVA\Documents\GitHub\SHIVAProject\shiva-totem\vs\shiva-totem\\..\..\..\lib\x64\vol_metamorph" /LIBPATH:"C:\Users\SHIVA\Documents\GitHub\SHIVAProject\shiva-totem\vs\shiva-totem\\..\..\..\lib\x64\glew" "shiva-gui.lib" Opengl32.lib glu32.lib SDL2.lib SDL2main.lib SDL2_image.lib SDL2_ttf.lib "shiva-voltree.lib" vol_totem.lib vol_metamorph.lib glew32.lib kernel32.lib user32.lib gdi32.lib winspool.lib comdlg32.lib advapi32.lib shell32.lib ole32.lib oleaut32.lib uuid.lib odbc32.lib odbccp32.lib /NODEFAULTLIB:libc.lib /MANIFEST /ManifestFile:"C:\Users\SHIVA\Documents\GitHub\SHIVAProject\shiva-totem\vs\shiva-totem\Debug\shiva-totem.exe.intermediate.manifest" /MANIFESTUAC:"level='asInvoker' uiAccess='false'" /DEBUG /PDB:"C:\Users\SHIVA\Documents\GitHub\SHIVAProject\shiva-totem\vs\shiva-totem\shiva-totem.pdb" /SUBSYSTEM:CONSOLE /TLBID:1 /DYNAMICBASE /NXCOMPAT /IMPLIB:"C:\Users\SHIVA\Documents\GitHub\SHIVAProject\shiva-totem\vs\shiva-totem\shiva-totem.lib" /MACHINE:X64 "C:\Users\SHIVA\Documents\GitHub\SHIVAProject\shiva-totem\vs\shiva-totem\Debug\shiva-totem.res"
         "C:\Users\SHIVA\Documents\GitHub\SHIVAProject\shiva-totem\vs\shiva-totem\Debug\AssembleActivity.obj"
         "C:\Users\SHIVA\Documents\GitHub\SHIVAProject\shiva-totem\vs\shiva-totem\Debug\BlendAdjustActivity.obj"
         "C:\Users\SHIVA\Documents\GitHub\SHIVAProject\shiva-totem\vs\shiva-totem\Debug\Command.obj"
         "C:\Users\SHIVA\Documents\GitHub\SHIVAProject\shiva-totem\vs\shiva-totem\Debug\CommandManager.obj"
         "C:\Users\SHIVA\Documents\GitHub\SHIVAProject\shiva-totem\vs\shiva-totem\Debug\DrillActivity.obj"
         "C:\Users\SHIVA\Documents\GitHub\SHIVAProject\shiva-totem\vs\shiva-totem\Debug\EditMenuActivity.obj"
         "C:\Users\SHIVA\Documents\GitHub\SHIVAProject\shiva-totem\vs\shiva-totem\Debug\main.obj"
         "C:\Users\SHIVA\Documents\GitHub\SHIVAProject\shiva-totem\vs\shiva-totem\Debug\NudgeActivity.obj"
         "C:\Users\SHIVA\Documents\GitHub\SHIVAProject\shiva-totem\vs\shiva-totem\Debug\PrintActivity.obj"
         "C:\Users\SHIVA\Documents\GitHub\SHIVAProject\shiva-totem\vs\shiva-totem\Debug\RotateObjectActivity.obj"
         "C:\Users\SHIVA\Documents\GitHub\SHIVAProject\shiva-totem\vs\shiva-totem\Debug\ShivaModelManager.obj"
         "C:\Users\SHIVA\Documents\GitHub\SHIVAProject\shiva-totem\vs\shiva-totem\Debug\UniformScaleActivity.obj"
         "C:\Users\SHIVA\Documents\GitHub\SHIVAProject\shiva-totem\vs\shiva-totem\Debug\VolView.obj"
         "C:\Users\SHIVA\Documents\GitHub\SHIVAProject\shiva-totem\vs\shiva-totem\Debug\TotemController.obj"
         "C:\Users\SHIVA\Documents\GitHub\SHIVAProject\shiva-totem\vs\shiva-totem\Debug\TotemObject.obj"
         "C:\Users\SHIVA\Documents\GitHub\SHIVAProject\shiva-totem\vs\shiva-totem\Debug\TotemOperation.obj"
         "C:\Users\SHIVA\Documents\GitHub\SHIVAProject\shiva-totem\vs\shiva-totem\Debug\TotemOpDrill.obj"
     1>MSVCRTD.lib(cinitexe.obj) : warning LNK4098: defaultlib 'msvcrt.lib' conflicts with use of other libs; use /NODEFAULTLIB:library
     1>shiva-voltree.lib(Camera.obj) : warning LNK4099: PDB 'vc100.pdb' was not found with 'shiva-voltree.lib(Camera.obj)' or at 'C:\Users\SHIVA\Documents\GitHub\SHIVAProject\shiva-totem\vs\shiva-totem\vc100.pdb'; linking object as if no debug info
     1>shiva-voltree.lib(Shader.obj) : warning LNK4099: PDB 'vc100.pdb' was not found with 'shiva-voltree.lib(Shader.obj)' or at 'C:\Users\SHIVA\Documents\GitHub\SHIVAProject\shiva-totem\vs\shiva-totem\vc100.pdb'; linking object as if no debug info
     1>shiva-voltree.lib(Node.obj) : warning LNK4099: PDB 'vc100.pdb' was not found with 'shiva-voltree.lib(Node.obj)' or at 'C:\Users\SHIVA\Documents\GitHub\SHIVAProject\shiva-totem\vs\shiva-totem\vc100.pdb'; linking object as if no debug info
     1>shiva-voltree.lib(VolumeTree.obj) : warning LNK4099: PDB 'vc100.pdb' was not found with 'shiva-voltree.lib(VolumeTree.obj)' or at 'C:\Users\SHIVA\Documents\GitHub\SHIVAProject\shiva-totem\vs\shiva-totem\vc100.pdb'; linking object as if no debug info
     1>shiva-voltree.lib(ConeNode.obj) : warning LNK4099: PDB 'vc100.pdb' was not found with 'shiva-voltree.lib(ConeNode.obj)' or at 'C:\Users\SHIVA\Documents\GitHub\SHIVAProject\shiva-totem\vs\shiva-totem\vc100.pdb'; linking object as if no debug info
     1>shiva-voltree.lib(CubeNode.obj) : warning LNK4099: PDB 'vc100.pdb' was not found with 'shiva-voltree.lib(CubeNode.obj)' or at 'C:\Users\SHIVA\Documents\GitHub\SHIVAProject\shiva-totem\vs\shiva-totem\vc100.pdb'; linking object as if no debug info
     1>shiva-voltree.lib(CylinderNode.obj) : warning LNK4099: PDB 'vc100.pdb' was not found with 'shiva-voltree.lib(CylinderNode.obj)' or at 'C:\Users\SHIVA\Documents\GitHub\SHIVAProject\shiva-totem\vs\shiva-totem\vc100.pdb'; linking object as if no debug info
     1>shiva-voltree.lib(SphereNode.obj) : warning LNK4099: PDB 'vc100.pdb' was not found with 'shiva-voltree.lib(SphereNode.obj)' or at 'C:\Users\SHIVA\Documents\GitHub\SHIVAProject\shiva-totem\vs\shiva-totem\vc100.pdb'; linking object as if no debug info
     1>shiva-voltree.lib(TorusNode.obj) : warning LNK4099: PDB 'vc100.pdb' was not found with 'shiva-voltree.lib(TorusNode.obj)' or at 'C:\Users\SHIVA\Documents\GitHub\SHIVAProject\shiva-totem\vs\shiva-totem\vc100.pdb'; linking object as if no debug info
     1>shiva-voltree.lib(VolCacheNode.obj) : warning LNK4099: PDB 'vc100.pdb' was not found with 'shiva-voltree.lib(VolCacheNode.obj)' or at 'C:\Users\SHIVA\Documents\GitHub\SHIVAProject\shiva-totem\vs\shiva-totem\vc100.pdb'; linking object as if no debug info
     1>shiva-voltree.lib(CachingPolicy.obj) : warning LNK4099: PDB 'vc100.pdb' was not found with 'shiva-voltree.lib(CachingPolicy.obj)' or at 'C:\Users\SHIVA\Documents\GitHub\SHIVAProject\shiva-totem\vs\shiva-totem\vc100.pdb'; linking object as if no debug info
     1>shiva-voltree.lib(BlendCSG.obj) : warning LNK4099: PDB 'vc100.pdb' was not found with 'shiva-voltree.lib(BlendCSG.obj)' or at 'C:\Users\SHIVA\Documents\GitHub\SHIVAProject\shiva-totem\vs\shiva-totem\vc100.pdb'; linking object as if no debug info
     1>shiva-voltree.lib(CSG.obj) : warning LNK4099: PDB 'vc100.pdb' was not found with 'shiva-voltree.lib(CSG.obj)' or at 'C:\Users\SHIVA\Documents\GitHub\SHIVAProject\shiva-totem\vs\shiva-totem\vc100.pdb'; linking object as if no debug info
     1>shiva-voltree.lib(TransformNode.obj) : warning LNK4099: PDB 'vc100.pdb' was not found with 'shiva-voltree.lib(TransformNode.obj)' or at 'C:\Users\SHIVA\Documents\GitHub\SHIVAProject\shiva-totem\vs\shiva-totem\vc100.pdb'; linking object as if no debug info
     1>shiva-voltree.lib(GLSLRenderer.obj) : warning LNK4099: PDB 'vc100.pdb' was not found with 'shiva-voltree.lib(GLSLRenderer.obj)' or at 'C:\Users\SHIVA\Documents\GitHub\SHIVAProject\shiva-totem\vs\shiva-totem\vc100.pdb'; linking object as if no debug info
     1>shiva-voltree.lib(SpringyVec3.obj) : warning LNK4099: PDB 'vc100.pdb' was not found with 'shiva-voltree.lib(SpringyVec3.obj)' or at 'C:\Users\SHIVA\Documents\GitHub\SHIVAProject\shiva-totem\vs\shiva-totem\vc100.pdb'; linking object as if no debug info
         shiva-demo01.vcxproj -> C:\Users\SHIVA\Documents\GitHub\SHIVAProject\shiva-totem\vs\shiva-totem\shiva-totem.exe
       Manifest:
         C:\Program Files (x86)\Microsoft SDKs\Windows\v7.0A\bin\mt.exe /nologo /verbose /outputresource:"C:\Users\SHIVA\Documents\GitHub\SHIVAProject\shiva-totem\vs\shiva-totem\shiva-totem.exe;#1" /manifest "C:\Users\SHIVA\Documents\GitHub\SHIVAProject\shiva-totem\vs\shiva-totem\Debug\shiva-totem.exe.intermediate.manifest"
       FinalizeBuildStatus:
         Deleting file "C:\Users\SHIVA\Documents\GitHub\SHIVAProject\shiva-totem\vs\shiva-totem\Debug\shiva-totem.unsuccessfulbuild".
         Touching "C:\Users\SHIVA\Documents\GitHub\SHIVAProject\shiva-totem\vs\shiva-totem\Debug\shiva-totem.lastbuildstate".
     1>Done Building Project "C:\Users\SHIVA\Documents\GitHub\SHIVAProject\shiva-totem\vs\shiva-totem\shiva-demo01.vcxproj" (build target(s)).

Build succeeded.

Time Elapsed 00:00:01.93
