Build started 14/12/2012 12:48:35.
     1>Project "D:\Projects\libs\SDL_image-2.0.0\VisualC\SDL_image.vcxproj" on node 2 (build target(s)).
     1>InitializeBuildStatus:
         Touching ".\Release\SDL2_image.unsuccessfulbuild".
       ClCompile:
         C:\Program Files (x86)\Microsoft Visual Studio 10.0\VC\bin\CL.exe /c /Iexternal\include /Zi /nologo /W3 /WX- /O2 /Ob1 /Oy- /D NDEBUG /D WIN32 /D _WINDOWS /D LOAD_BMP /D LOAD_GIF /D LOAD_JPG /D "LOAD_JPG_DYNAMIC=\"libjpeg-8.dll\"" /D LOAD_LBM /D LOAD_PCX /D LOAD_PNG /D "LOAD_PNG_DYNAMIC=\"libpng15-15.dll\"" /D LOAD_PNM /D LOAD_TGA /D LOAD_TIF /D "LOAD_TIF_DYNAMIC=\"libtiff-5.dll\"" /D LOAD_WEBP /D "LOAD_WEBP_DYNAMIC=\"libwebp-2.dll\"" /D LOAD_XPM /D LOAD_XV /D PNG_USE_DLL /D ZLIB_DLL /D _VC80_UPGRADE=0x0600 /D _WINDLL /GF /Gm- /EHsc /MD /GS /Gy /fp:precise /Zc:wchar_t /Zc:forScope /Fo".\Release\\" /Fd".\Release\vc100.pdb" /Gd /TC /analyze- /errorReport:prompt ..\IMG.c ..\IMG_bmp.c ..\IMG_gif.c ..\IMG_jpg.c ..\IMG_lbm.c ..\IMG_pcx.c ..\IMG_png.c ..\IMG_pnm.c ..\IMG_tga.c ..\IMG_tif.c ..\IMG_webp.c ..\IMG_xcf.c ..\IMG_xpm.c ..\IMG_xv.c ..\IMG_xxx.c
         IMG.c
         IMG_bmp.c
     1>..\IMG_bmp.c(44): warning C4244: '=' : conversion from 'Sint64' to 'int', possible loss of data
     1>..\IMG_bmp.c(67): warning C4244: '=' : conversion from 'Sint64' to 'int', possible loss of data
     1>..\IMG_bmp.c(233): warning C4244: '=' : conversion from 'Sint64' to 'long', possible loss of data
     1>..\IMG_bmp.c(563): warning C4244: '=' : conversion from 'Sint64' to 'long', possible loss of data
         IMG_gif.c
     1>..\IMG_gif.c(42): warning C4244: '=' : conversion from 'Sint64' to 'int', possible loss of data
     1>..\IMG_gif.c(170): warning C4244: '=' : conversion from 'Sint64' to 'int', possible loss of data
     1>..\IMG_gif.c(340): warning C4996: 'sprintf': This function or variable may be unsafe. Consider using sprintf_s instead. To disable deprecation, use _CRT_SECURE_NO_WARNINGS. See online help for details.
                 C:\Program Files (x86)\Microsoft Visual Studio 10.0\VC\include\stdio.h(371) : see declaration of 'sprintf'
         IMG_jpg.c
     1>..\IMG_jpg.c(191): warning C4244: '=' : conversion from 'Sint64' to 'int', possible loss of data
     1>..\IMG_jpg.c(220): warning C4244: '=' : conversion from 'Sint64' to 'Uint32', possible loss of data
     1>..\IMG_jpg.c(222): warning C4244: '=' : conversion from 'Sint64' to 'Uint32', possible loss of data
     1>..\IMG_jpg.c(387): warning C4244: '=' : conversion from 'Sint64' to 'int', possible loss of data
         IMG_lbm.c
     1>..\IMG_lbm.c(70): warning C4244: '=' : conversion from 'Sint64' to 'int', possible loss of data
     1>..\IMG_lbm.c(106): warning C4244: '=' : conversion from 'Sint64' to 'int', possible loss of data
         IMG_pcx.c
     1>..\IMG_pcx.c(74): warning C4244: '=' : conversion from 'Sint64' to 'int', possible loss of data
     1>..\IMG_pcx.c(108): warning C4244: '=' : conversion from 'Sint64' to 'int', possible loss of data
         IMG_png.c
     1>..\IMG_png.c(312): warning C4244: '=' : conversion from 'Sint64' to 'int', possible loss of data
     1>..\IMG_png.c(357): warning C4244: '=' : conversion from 'Sint64' to 'int', possible loss of data
         IMG_pnm.c
     1>..\IMG_pnm.c(48): warning C4244: '=' : conversion from 'Sint64' to 'int', possible loss of data
     1>..\IMG_pnm.c(125): warning C4244: '=' : conversion from 'Sint64' to 'int', possible loss of data
         IMG_tga.c
     1>..\IMG_tga.c(112): warning C4244: '=' : conversion from 'Sint64' to 'int', possible loss of data
         IMG_tif.c
     1>..\IMG_tif.c(171): warning C4244: '=' : conversion from 'Sint64' to 'Uint32', possible loss of data
     1>..\IMG_tif.c(186): warning C4244: '=' : conversion from 'Sint64' to 'int', possible loss of data
     1>..\IMG_tif.c(218): warning C4244: '=' : conversion from 'Sint64' to 'int', possible loss of data
         IMG_webp.c
     1>..\IMG_webp.c(132): warning C4244: '=' : conversion from 'Sint64' to 'int', possible loss of data
     1>..\IMG_webp.c(183): warning C4244: '=' : conversion from 'Sint64' to 'int', possible loss of data
         IMG_xcf.c
         IMG_xpm.c
     1>..\IMG_xpm.c(63): warning C4244: '=' : conversion from 'Sint64' to 'int', possible loss of data
     1>..\IMG_xpm.c(1005): warning C4244: '=' : conversion from 'Sint64' to 'int', possible loss of data
     1>..\IMG_xpm.c(1023): warning C4996: 'sscanf': This function or variable may be unsafe. Consider using sscanf_s instead. To disable deprecation, use _CRT_SECURE_NO_WARNINGS. See online help for details.
                 C:\Program Files (x86)\Microsoft Visual Studio 10.0\VC\include\stdio.h(325) : see declaration of 'sscanf'
         IMG_xv.c
     1>..\IMG_xv.c(72): warning C4996: 'sscanf': This function or variable may be unsafe. Consider using sscanf_s instead. To disable deprecation, use _CRT_SECURE_NO_WARNINGS. See online help for details.
                 C:\Program Files (x86)\Microsoft Visual Studio 10.0\VC\include\stdio.h(325) : see declaration of 'sscanf'
     1>..\IMG_xv.c(93): warning C4244: '=' : conversion from 'Sint64' to 'int', possible loss of data
     1>..\IMG_xv.c(115): warning C4244: '=' : conversion from 'Sint64' to 'int', possible loss of data
         IMG_xxx.c
         Generating Code...
       ResourceCompile:
         C:\Program Files (x86)\Microsoft SDKs\Windows\v7.0A\bin\rc.exe /D NDEBUG /D _VC80_UPGRADE=0x0600 /l"0x0409" /nologo /fo".\Release\Version.res" Version.rc 
       Link:
         C:\Program Files (x86)\Microsoft Visual Studio 10.0\VC\bin\link.exe /ERRORREPORT:PROMPT /OUT:".\Release\SDL2_image.dll" /INCREMENTAL:NO /NOLOGO SDL.lib kernel32.lib user32.lib gdi32.lib winspool.lib comdlg32.lib advapi32.lib shell32.lib ole32.lib oleaut32.lib uuid.lib odbc32.lib odbccp32.lib /MANIFEST /ManifestFile:".\Release\SDL2_image.dll.intermediate.manifest" /MANIFESTUAC:"level='asInvoker' uiAccess='false'" /PDB:".\Release/SDL_image.pdb" /SUBSYSTEM:WINDOWS /TLBID:1 /DYNAMICBASE /NXCOMPAT /IMPLIB:".\Release\SDL2_image.lib" /MACHINE:X86 /DLL .\Release\Version.res
         .\Release\IMG.obj
         .\Release\IMG_bmp.obj
         .\Release\IMG_gif.obj
         .\Release\IMG_jpg.obj
         .\Release\IMG_lbm.obj
         .\Release\IMG_pcx.obj
         .\Release\IMG_png.obj
         .\Release\IMG_pnm.obj
         .\Release\IMG_tga.obj
         .\Release\IMG_tif.obj
         .\Release\IMG_webp.obj
         .\Release\IMG_xcf.obj
         .\Release\IMG_xpm.obj
         .\Release\IMG_xv.obj
         .\Release\IMG_xxx.obj
            Creating library .\Release\SDL2_image.lib and object .\Release\SDL2_image.exp
         SDL_image.vcxproj -> D:\Projects\libs\SDL_image-2.0.0\VisualC\.\Release\SDL2_image.dll
       Manifest:
         C:\Program Files (x86)\Microsoft SDKs\Windows\v7.0A\bin\mt.exe /nologo /verbose /outputresource:".\Release\SDL2_image.dll;#2" /manifest .\Release\SDL2_image.dll.intermediate.manifest
       FinalizeBuildStatus:
         Deleting file ".\Release\SDL2_image.unsuccessfulbuild".
         Touching ".\Release\SDL2_image.lastbuildstate".
     1>Done Building Project "D:\Projects\libs\SDL_image-2.0.0\VisualC\SDL_image.vcxproj" (build target(s)).

Build succeeded.

Time Elapsed 00:00:03.25
