D:\Projects\libs\SDL-2.0.0-6713\VisualC\SDL\Win32\Release\cl.command.1.tlog
D:\Projects\libs\SDL-2.0.0-6713\VisualC\SDL\Win32\Release\CL.read.1.tlog
D:\Projects\libs\SDL-2.0.0-6713\VisualC\SDL\Win32\Release\CL.write.1.tlog
D:\PROJECTS\LIBS\SDL-2.0.0-6713\VISUALC\SDL\WIN32\RELEASE\E_ATAN2.OBJ
D:\PROJECTS\LIBS\SDL-2.0.0-6713\VISUALC\SDL\WIN32\RELEASE\E_LOG.OBJ
D:\PROJECTS\LIBS\SDL-2.0.0-6713\VISUALC\SDL\WIN32\RELEASE\E_POW.OBJ
D:\PROJECTS\LIBS\SDL-2.0.0-6713\VISUALC\SDL\WIN32\RELEASE\E_REM_PIO2.OBJ
D:\PROJECTS\LIBS\SDL-2.0.0-6713\VISUALC\SDL\WIN32\RELEASE\E_SQRT.OBJ
D:\PROJECTS\LIBS\SDL-2.0.0-6713\VISUALC\SDL\WIN32\RELEASE\K_COS.OBJ
D:\PROJECTS\LIBS\SDL-2.0.0-6713\VISUALC\SDL\WIN32\RELEASE\K_REM_PIO2.OBJ
D:\PROJECTS\LIBS\SDL-2.0.0-6713\VISUALC\SDL\WIN32\RELEASE\K_SIN.OBJ
D:\Projects\libs\SDL-2.0.0-6713\VisualC\SDL\Win32\Release\link.command.1.tlog
D:\Projects\libs\SDL-2.0.0-6713\VisualC\SDL\Win32\Release\link.read.1.tlog
D:\Projects\libs\SDL-2.0.0-6713\VisualC\SDL\Win32\Release\link.write.1.tlog
D:\Projects\libs\SDL-2.0.0-6713\VisualC\SDL\Win32\Release\link-cvtres.read.1.tlog
D:\Projects\libs\SDL-2.0.0-6713\VisualC\SDL\Win32\Release\link-cvtres.write.1.tlog
D:\Projects\libs\SDL-2.0.0-6713\VisualC\SDL\Win32\Release\mt.command.1.tlog
D:\Projects\libs\SDL-2.0.0-6713\VisualC\SDL\Win32\Release\mt.read.1.tlog
D:\Projects\libs\SDL-2.0.0-6713\VisualC\SDL\Win32\Release\mt.write.1.tlog
D:\Projects\libs\SDL-2.0.0-6713\VisualC\SDL\Win32\Release\rc.command.1.tlog
D:\Projects\libs\SDL-2.0.0-6713\VisualC\SDL\Win32\Release\rc.read.1.tlog
D:\Projects\libs\SDL-2.0.0-6713\VisualC\SDL\Win32\Release\rc.write.1.tlog
D:\PROJECTS\LIBS\SDL-2.0.0-6713\VISUALC\SDL\WIN32\RELEASE\S_ATAN.OBJ
D:\PROJECTS\LIBS\SDL-2.0.0-6713\VISUALC\SDL\WIN32\RELEASE\S_COPYSIGN.OBJ
D:\PROJECTS\LIBS\SDL-2.0.0-6713\VISUALC\SDL\WIN32\RELEASE\S_COS.OBJ
D:\PROJECTS\LIBS\SDL-2.0.0-6713\VISUALC\SDL\WIN32\RELEASE\S_FABS.OBJ
D:\PROJECTS\LIBS\SDL-2.0.0-6713\VISUALC\SDL\WIN32\RELEASE\S_FLOOR.OBJ
D:\PROJECTS\LIBS\SDL-2.0.0-6713\VISUALC\SDL\WIN32\RELEASE\S_SCALBN.OBJ
D:\PROJECTS\LIBS\SDL-2.0.0-6713\VISUALC\SDL\WIN32\RELEASE\S_SIN.OBJ
D:\PROJECTS\LIBS\SDL-2.0.0-6713\VISUALC\SDL\WIN32\RELEASE\SDL.DLL
D:\PROJECTS\LIBS\SDL-2.0.0-6713\VISUALC\SDL\WIN32\RELEASE\SDL.OBJ
D:\PROJECTS\LIBS\SDL-2.0.0-6713\VISUALC\SDL\WIN32\RELEASE\SDL_ASSERT.OBJ
D:\PROJECTS\LIBS\SDL-2.0.0-6713\VISUALC\SDL\WIN32\RELEASE\SDL_ATOMIC.OBJ
D:\PROJECTS\LIBS\SDL-2.0.0-6713\VISUALC\SDL\WIN32\RELEASE\SDL_AUDIO.OBJ
D:\PROJECTS\LIBS\SDL-2.0.0-6713\VISUALC\SDL\WIN32\RELEASE\SDL_AUDIOCVT.OBJ
D:\PROJECTS\LIBS\SDL-2.0.0-6713\VISUALC\SDL\WIN32\RELEASE\SDL_AUDIODEV.OBJ
D:\PROJECTS\LIBS\SDL-2.0.0-6713\VISUALC\SDL\WIN32\RELEASE\SDL_AUDIOTYPECVT.OBJ
D:\PROJECTS\LIBS\SDL-2.0.0-6713\VISUALC\SDL\WIN32\RELEASE\SDL_BLENDFILLRECT.OBJ
D:\PROJECTS\LIBS\SDL-2.0.0-6713\VISUALC\SDL\WIN32\RELEASE\SDL_BLENDLINE.OBJ
D:\PROJECTS\LIBS\SDL-2.0.0-6713\VISUALC\SDL\WIN32\RELEASE\SDL_BLENDPOINT.OBJ
D:\PROJECTS\LIBS\SDL-2.0.0-6713\VISUALC\SDL\WIN32\RELEASE\SDL_BLIT.OBJ
D:\PROJECTS\LIBS\SDL-2.0.0-6713\VISUALC\SDL\WIN32\RELEASE\SDL_BLIT_0.OBJ
D:\PROJECTS\LIBS\SDL-2.0.0-6713\VISUALC\SDL\WIN32\RELEASE\SDL_BLIT_1.OBJ
D:\PROJECTS\LIBS\SDL-2.0.0-6713\VISUALC\SDL\WIN32\RELEASE\SDL_BLIT_A.OBJ
D:\PROJECTS\LIBS\SDL-2.0.0-6713\VISUALC\SDL\WIN32\RELEASE\SDL_BLIT_AUTO.OBJ
D:\PROJECTS\LIBS\SDL-2.0.0-6713\VISUALC\SDL\WIN32\RELEASE\SDL_BLIT_COPY.OBJ
D:\PROJECTS\LIBS\SDL-2.0.0-6713\VISUALC\SDL\WIN32\RELEASE\SDL_BLIT_N.OBJ
D:\PROJECTS\LIBS\SDL-2.0.0-6713\VISUALC\SDL\WIN32\RELEASE\SDL_BLIT_SLOW.OBJ
D:\PROJECTS\LIBS\SDL-2.0.0-6713\VISUALC\SDL\WIN32\RELEASE\SDL_BMP.OBJ
D:\PROJECTS\LIBS\SDL-2.0.0-6713\VISUALC\SDL\WIN32\RELEASE\SDL_CLIPBOARD.OBJ
D:\PROJECTS\LIBS\SDL-2.0.0-6713\VISUALC\SDL\WIN32\RELEASE\SDL_CLIPBOARDEVENTS.OBJ
D:\PROJECTS\LIBS\SDL-2.0.0-6713\VISUALC\SDL\WIN32\RELEASE\SDL_CPUINFO.OBJ
D:\PROJECTS\LIBS\SDL-2.0.0-6713\VISUALC\SDL\WIN32\RELEASE\SDL_DIRECTSOUND.OBJ
D:\PROJECTS\LIBS\SDL-2.0.0-6713\VISUALC\SDL\WIN32\RELEASE\SDL_DISKAUDIO.OBJ
D:\PROJECTS\LIBS\SDL-2.0.0-6713\VISUALC\SDL\WIN32\RELEASE\SDL_DRAWLINE.OBJ
D:\PROJECTS\LIBS\SDL-2.0.0-6713\VISUALC\SDL\WIN32\RELEASE\SDL_DRAWPOINT.OBJ
D:\PROJECTS\LIBS\SDL-2.0.0-6713\VISUALC\SDL\WIN32\RELEASE\SDL_DROPEVENTS.OBJ
D:\PROJECTS\LIBS\SDL-2.0.0-6713\VISUALC\SDL\WIN32\RELEASE\SDL_DUMMYAUDIO.OBJ
D:\PROJECTS\LIBS\SDL-2.0.0-6713\VISUALC\SDL\WIN32\RELEASE\SDL_DXJOYSTICK.OBJ
D:\PROJECTS\LIBS\SDL-2.0.0-6713\VISUALC\SDL\WIN32\RELEASE\SDL_ERROR.OBJ
D:\PROJECTS\LIBS\SDL-2.0.0-6713\VISUALC\SDL\WIN32\RELEASE\SDL_EVENTS.OBJ
D:\PROJECTS\LIBS\SDL-2.0.0-6713\VISUALC\SDL\WIN32\RELEASE\SDL_FATAL.OBJ
D:\PROJECTS\LIBS\SDL-2.0.0-6713\VISUALC\SDL\WIN32\RELEASE\SDL_FILLRECT.OBJ
D:\PROJECTS\LIBS\SDL-2.0.0-6713\VISUALC\SDL\WIN32\RELEASE\SDL_GAMECONTROLLER.OBJ
D:\PROJECTS\LIBS\SDL-2.0.0-6713\VISUALC\SDL\WIN32\RELEASE\SDL_GESTURE.OBJ
D:\PROJECTS\LIBS\SDL-2.0.0-6713\VISUALC\SDL\WIN32\RELEASE\SDL_GETENV.OBJ
D:\PROJECTS\LIBS\SDL-2.0.0-6713\VISUALC\SDL\WIN32\RELEASE\SDL_HAPTIC.OBJ
D:\PROJECTS\LIBS\SDL-2.0.0-6713\VISUALC\SDL\WIN32\RELEASE\SDL_HINTS.OBJ
D:\PROJECTS\LIBS\SDL-2.0.0-6713\VISUALC\SDL\WIN32\RELEASE\SDL_ICONV.OBJ
D:\PROJECTS\LIBS\SDL-2.0.0-6713\VISUALC\SDL\WIN32\RELEASE\SDL_JOYSTICK.OBJ
D:\PROJECTS\LIBS\SDL-2.0.0-6713\VISUALC\SDL\WIN32\RELEASE\SDL_KEYBOARD.OBJ
D:\PROJECTS\LIBS\SDL-2.0.0-6713\VISUALC\SDL\WIN32\RELEASE\SDL_LOG.OBJ
D:\PROJECTS\LIBS\SDL-2.0.0-6713\VISUALC\SDL\WIN32\RELEASE\SDL_MALLOC.OBJ
D:\PROJECTS\LIBS\SDL-2.0.0-6713\VISUALC\SDL\WIN32\RELEASE\SDL_MIXER.OBJ
D:\PROJECTS\LIBS\SDL-2.0.0-6713\VISUALC\SDL\WIN32\RELEASE\SDL_MMJOYSTICK.OBJ
D:\PROJECTS\LIBS\SDL-2.0.0-6713\VISUALC\SDL\WIN32\RELEASE\SDL_MOUSE.OBJ
D:\PROJECTS\LIBS\SDL-2.0.0-6713\VISUALC\SDL\WIN32\RELEASE\SDL_NULLEVENTS.OBJ
D:\PROJECTS\LIBS\SDL-2.0.0-6713\VISUALC\SDL\WIN32\RELEASE\SDL_NULLFRAMEBUFFER.OBJ
D:\PROJECTS\LIBS\SDL-2.0.0-6713\VISUALC\SDL\WIN32\RELEASE\SDL_NULLVIDEO.OBJ
D:\PROJECTS\LIBS\SDL-2.0.0-6713\VISUALC\SDL\WIN32\RELEASE\SDL_PIXELS.OBJ
D:\PROJECTS\LIBS\SDL-2.0.0-6713\VISUALC\SDL\WIN32\RELEASE\SDL_POWER.OBJ
D:\PROJECTS\LIBS\SDL-2.0.0-6713\VISUALC\SDL\WIN32\RELEASE\SDL_QSORT.OBJ
D:\PROJECTS\LIBS\SDL-2.0.0-6713\VISUALC\SDL\WIN32\RELEASE\SDL_QUIT.OBJ
D:\PROJECTS\LIBS\SDL-2.0.0-6713\VISUALC\SDL\WIN32\RELEASE\SDL_RECT.OBJ
D:\PROJECTS\LIBS\SDL-2.0.0-6713\VISUALC\SDL\WIN32\RELEASE\SDL_RENDER.OBJ
D:\PROJECTS\LIBS\SDL-2.0.0-6713\VISUALC\SDL\WIN32\RELEASE\SDL_RENDER_D3D.OBJ
D:\PROJECTS\LIBS\SDL-2.0.0-6713\VISUALC\SDL\WIN32\RELEASE\SDL_RENDER_GL.OBJ
D:\PROJECTS\LIBS\SDL-2.0.0-6713\VISUALC\SDL\WIN32\RELEASE\SDL_RENDER_SW.OBJ
D:\PROJECTS\LIBS\SDL-2.0.0-6713\VISUALC\SDL\WIN32\RELEASE\SDL_RLEACCEL.OBJ
D:\PROJECTS\LIBS\SDL-2.0.0-6713\VISUALC\SDL\WIN32\RELEASE\SDL_ROTATE.OBJ
D:\PROJECTS\LIBS\SDL-2.0.0-6713\VISUALC\SDL\WIN32\RELEASE\SDL_RWOPS.OBJ
D:\PROJECTS\LIBS\SDL-2.0.0-6713\VISUALC\SDL\WIN32\RELEASE\SDL_SHADERS_GL.OBJ
D:\PROJECTS\LIBS\SDL-2.0.0-6713\VISUALC\SDL\WIN32\RELEASE\SDL_SHAPE.OBJ
D:\PROJECTS\LIBS\SDL-2.0.0-6713\VISUALC\SDL\WIN32\RELEASE\SDL_SPINLOCK.OBJ
D:\PROJECTS\LIBS\SDL-2.0.0-6713\VISUALC\SDL\WIN32\RELEASE\SDL_STDLIB.OBJ
D:\PROJECTS\LIBS\SDL-2.0.0-6713\VISUALC\SDL\WIN32\RELEASE\SDL_STRETCH.OBJ
D:\PROJECTS\LIBS\SDL-2.0.0-6713\VISUALC\SDL\WIN32\RELEASE\SDL_STRING.OBJ
D:\PROJECTS\LIBS\SDL-2.0.0-6713\VISUALC\SDL\WIN32\RELEASE\SDL_SURFACE.OBJ
D:\PROJECTS\LIBS\SDL-2.0.0-6713\VISUALC\SDL\WIN32\RELEASE\SDL_SYSCOND.OBJ
D:\PROJECTS\LIBS\SDL-2.0.0-6713\VISUALC\SDL\WIN32\RELEASE\SDL_SYSHAPTIC.OBJ
D:\PROJECTS\LIBS\SDL-2.0.0-6713\VISUALC\SDL\WIN32\RELEASE\SDL_SYSLOADSO.OBJ
D:\PROJECTS\LIBS\SDL-2.0.0-6713\VISUALC\SDL\WIN32\RELEASE\SDL_SYSMUTEX.OBJ
D:\PROJECTS\LIBS\SDL-2.0.0-6713\VISUALC\SDL\WIN32\RELEASE\SDL_SYSPOWER.OBJ
D:\PROJECTS\LIBS\SDL-2.0.0-6713\VISUALC\SDL\WIN32\RELEASE\SDL_SYSSEM.OBJ
D:\PROJECTS\LIBS\SDL-2.0.0-6713\VISUALC\SDL\WIN32\RELEASE\SDL_SYSTHREAD.OBJ
D:\PROJECTS\LIBS\SDL-2.0.0-6713\VISUALC\SDL\WIN32\RELEASE\SDL_SYSTIMER.OBJ
D:\PROJECTS\LIBS\SDL-2.0.0-6713\VISUALC\SDL\WIN32\RELEASE\SDL_THREAD.OBJ
D:\PROJECTS\LIBS\SDL-2.0.0-6713\VISUALC\SDL\WIN32\RELEASE\SDL_TIMER.OBJ
D:\PROJECTS\LIBS\SDL-2.0.0-6713\VISUALC\SDL\WIN32\RELEASE\SDL_TOUCH.OBJ
D:\PROJECTS\LIBS\SDL-2.0.0-6713\VISUALC\SDL\WIN32\RELEASE\SDL_VIDEO.OBJ
D:\PROJECTS\LIBS\SDL-2.0.0-6713\VISUALC\SDL\WIN32\RELEASE\SDL_WAVE.OBJ
D:\PROJECTS\LIBS\SDL-2.0.0-6713\VISUALC\SDL\WIN32\RELEASE\SDL_WINDOWEVENTS.OBJ
D:\PROJECTS\LIBS\SDL-2.0.0-6713\VISUALC\SDL\WIN32\RELEASE\SDL_WINDOWS.OBJ
D:\PROJECTS\LIBS\SDL-2.0.0-6713\VISUALC\SDL\WIN32\RELEASE\SDL_WINDOWSCLIPBOARD.OBJ
D:\PROJECTS\LIBS\SDL-2.0.0-6713\VISUALC\SDL\WIN32\RELEASE\SDL_WINDOWSEVENTS.OBJ
D:\PROJECTS\LIBS\SDL-2.0.0-6713\VISUALC\SDL\WIN32\RELEASE\SDL_WINDOWSFRAMEBUFFER.OBJ
D:\PROJECTS\LIBS\SDL-2.0.0-6713\VISUALC\SDL\WIN32\RELEASE\SDL_WINDOWSKEYBOARD.OBJ
D:\PROJECTS\LIBS\SDL-2.0.0-6713\VISUALC\SDL\WIN32\RELEASE\SDL_WINDOWSMESSAGEBOX.OBJ
D:\PROJECTS\LIBS\SDL-2.0.0-6713\VISUALC\SDL\WIN32\RELEASE\SDL_WINDOWSMODES.OBJ
D:\PROJECTS\LIBS\SDL-2.0.0-6713\VISUALC\SDL\WIN32\RELEASE\SDL_WINDOWSMOUSE.OBJ
D:\PROJECTS\LIBS\SDL-2.0.0-6713\VISUALC\SDL\WIN32\RELEASE\SDL_WINDOWSOPENGL.OBJ
D:\PROJECTS\LIBS\SDL-2.0.0-6713\VISUALC\SDL\WIN32\RELEASE\SDL_WINDOWSSHAPE.OBJ
D:\PROJECTS\LIBS\SDL-2.0.0-6713\VISUALC\SDL\WIN32\RELEASE\SDL_WINDOWSVIDEO.OBJ
D:\PROJECTS\LIBS\SDL-2.0.0-6713\VISUALC\SDL\WIN32\RELEASE\SDL_WINDOWSWINDOW.OBJ
D:\PROJECTS\LIBS\SDL-2.0.0-6713\VISUALC\SDL\WIN32\RELEASE\SDL_WINMM.OBJ
D:\PROJECTS\LIBS\SDL-2.0.0-6713\VISUALC\SDL\WIN32\RELEASE\SDL_XAUDIO2.OBJ
D:\PROJECTS\LIBS\SDL-2.0.0-6713\VISUALC\SDL\WIN32\RELEASE\SDL_YUV_MMX.OBJ
D:\PROJECTS\LIBS\SDL-2.0.0-6713\VISUALC\SDL\WIN32\RELEASE\SDL_YUV_SW.OBJ
D:\PROJECTS\LIBS\SDL-2.0.0-6713\VISUALC\SDL\WIN32\RELEASE\SDL2.DLL
D:\PROJECTS\LIBS\SDL-2.0.0-6713\VISUALC\SDL\WIN32\RELEASE\SDL2.DLL.INTERMEDIATE.MANIFEST
D:\Projects\libs\SDL-2.0.0-6713\VisualC\SDL\Win32\Release\SDL2.exp
D:\Projects\libs\SDL-2.0.0-6713\VisualC\SDL\Win32\Release\SDL2.lib
D:\PROJECTS\LIBS\SDL-2.0.0-6713\VISUALC\SDL\WIN32\RELEASE\SDL2.PDB
D:\Projects\libs\SDL-2.0.0-6713\VisualC\SDL\Win32\Release\SDL2.write.1.tlog
D:\PROJECTS\LIBS\SDL-2.0.0-6713\VISUALC\SDL\WIN32\RELEASE\VC100.PDB
D:\PROJECTS\LIBS\SDL-2.0.0-6713\VISUALC\SDL\WIN32\RELEASE\VERSION.RES
Win32\Release\SDL2.pdb
