c:\users\shiva\documents\github\shivaproject\shiva-gui\vs\shiva-gui\debug\shiva-gui.pdb
c:\users\shiva\documents\github\shivaproject\shiva-gui\vs\shiva-gui\debug\shiva-gui.idb
c:\users\shiva\documents\github\shivaproject\shiva-gui\vs\shiva-gui\debug\layoutadapterview.obj
c:\users\shiva\documents\github\shivaproject\shiva-gui\vs\shiva-gui\debug\listview.obj
c:\users\shiva\documents\github\shivaproject\shiva-gui\vs\shiva-gui\debug\customlayout.obj
c:\users\shiva\documents\github\shivaproject\shiva-gui\vs\shiva-gui\debug\customlayoutelement.obj
c:\users\shiva\documents\github\shivaproject\shiva-gui\vs\shiva-gui\debug\customlayoutparams.obj
c:\users\shiva\documents\github\shivaproject\shiva-gui\vs\shiva-gui\debug\layoutparams.obj
c:\users\shiva\documents\github\shivaproject\shiva-gui\vs\shiva-gui\debug\linearlayout.obj
c:\users\shiva\documents\github\shivaproject\shiva-gui\vs\shiva-gui\debug\linearlayoutparams.obj
c:\users\shiva\documents\github\shivaproject\shiva-gui\vs\shiva-gui\debug\scrollcontainer.obj
c:\users\shiva\documents\github\shivaproject\shiva-gui\vs\shiva-gui\debug\viewgroup.obj
c:\users\shiva\documents\github\shivaproject\shiva-gui\vs\shiva-gui\debug\activity.obj
c:\users\shiva\documents\github\shivaproject\shiva-gui\vs\shiva-gui\debug\bundle.obj
c:\users\shiva\documents\github\shivaproject\shiva-gui\vs\shiva-gui\debug\profilemanager.obj
c:\users\shiva\documents\github\shivaproject\shiva-gui\vs\shiva-gui\debug\sharedpreferences.obj
c:\users\shiva\documents\github\shivaproject\shiva-gui\vs\shiva-gui\debug\window.obj
c:\users\shiva\documents\github\shivaproject\shiva-gui\vs\shiva-gui\debug\filesystemdataprovider.obj
c:\users\shiva\documents\github\shivaproject\shiva-gui\vs\shiva-gui\debug\profilechooseractivity.obj
c:\users\shiva\documents\github\shivaproject\shiva-gui\vs\shiva-gui\debug\audioclip.obj
c:\users\shiva\documents\github\shivaproject\shiva-gui\vs\shiva-gui\debug\audiomanager.obj
c:\users\shiva\documents\github\shivaproject\shiva-gui\vs\shiva-gui\debug\sharedsettings.obj
c:\users\shiva\documents\github\shivaproject\shiva-gui\vs\shiva-gui\debug\tinystr.obj
c:\users\shiva\documents\github\shivaproject\shiva-gui\vs\shiva-gui\debug\tinyxml.obj
c:\users\shiva\documents\github\shivaproject\shiva-gui\vs\shiva-gui\debug\tinyxmlerror.obj
c:\users\shiva\documents\github\shivaproject\shiva-gui\vs\shiva-gui\debug\tinyxmlparser.obj
c:\users\shiva\documents\github\shivaproject\shiva-gui\vs\shiva-gui\debug\definitions.obj
c:\users\shiva\documents\github\shivaproject\shiva-gui\vs\shiva-gui\debug\guicontroller.obj
c:\users\shiva\documents\github\shivaproject\shiva-gui\vs\shiva-gui\debug\bitmapdrawable.obj
c:\users\shiva\documents\github\shivaproject\shiva-gui\vs\shiva-gui\debug\drawable.obj
c:\users\shiva\documents\github\shivaproject\shiva-gui\vs\shiva-gui\debug\layeredimagedrawable.obj
c:\users\shiva\documents\github\shivaproject\shiva-gui\vs\shiva-gui\debug\ninepatch.obj
c:\users\shiva\documents\github\shivaproject\shiva-gui\vs\shiva-gui\debug\rectdrawable.obj
c:\users\shiva\documents\github\shivaproject\shiva-gui\vs\shiva-gui\debug\statelistdrawable.obj
c:\users\shiva\documents\github\shivaproject\shiva-gui\vs\shiva-gui\debug\colourselector.obj
c:\users\shiva\documents\github\shivaproject\shiva-gui\vs\shiva-gui\debug\imagebutton.obj
c:\users\shiva\documents\github\shivaproject\shiva-gui\vs\shiva-gui\debug\slider.obj
c:\users\shiva\documents\github\shivaproject\shiva-gui\vs\shiva-gui\debug\textbutton.obj
c:\users\shiva\documents\github\shivaproject\shiva-gui\vs\shiva-gui\debug\textview.obj
c:\users\shiva\documents\github\shivaproject\shiva-gui\vs\shiva-gui\debug\view.obj
c:\users\shiva\documents\github\shivaproject\shiva-gui\vs\shiva-gui\debug\adapterview.obj
c:\users\shiva\documents\github\shivaproject\shiva-gui\vs\shiva-gui\debug\dataadapter.obj
c:\users\shiva\documents\github\shivaproject\shiva-gui\vs\shiva-gui\debug\guimanager.obj
c:\users\shiva\documents\github\shivaproject\shiva-gui\vs\shiva-gui\debug\imagetextbutton.obj
c:\users\shiva\documents\github\shivaproject\shiva-gui\vs\shiva-gui\debug\imagetextview.obj
c:\users\shiva\documents\github\shivaproject\shiva-gui\vs\shiva-gui\debug\resourcemanager.obj
c:\users\shiva\documents\github\shivaproject\shiva-gui\vs\shiva-gui\debug\debouncer.obj
c:\users\shiva\documents\github\shivaproject\shiva-gui\vs\shiva-gui\debug\inputcontroller.obj
c:\users\shiva\documents\github\shivaproject\shiva-gui\vs\shiva-gui\debug\inputevent.obj
c:\users\shiva\documents\github\shivaproject\shiva-gui\vs\shiva-gui\debug\internalevent.obj
c:\users\shiva\documents\github\shivaproject\shiva-gui\vs\shiva-gui\debug\autoscanner.obj
c:\users\shiva\documents\github\shivaproject\shiva-gui\vs\shiva-gui\debug\scanner.obj
c:\users\shiva\documents\github\shivaproject\shiva-gui\vs\shiva-gui\debug\createnewprofileactivity.obj
c:\users\shiva\documents\github\shivaproject\shiva-gui\vs\shiva-gui\debug\fbo.obj
c:\users\shiva\documents\github\shivaproject\shiva-gui\vs\shiva-gui\debug\gpuprogram.obj
c:\users\shiva\documents\github\shivaproject\shiva-gui\vs\shiva-gui\debug\gpushader.obj
c:\users\shiva\documents\github\shivaproject\shiva-gui\vs\shiva-gui\debug\gpuvariable.obj
c:\users\shiva\documents\github\shivaproject\shiva-gui\vs\shiva-gui\debug\tinyfiledialogs.obj
c:\users\shiva\documents\github\shivaproject\shiva-gui\vs\shiva-gui\debug\shiva-gui.lib
c:\users\shiva\documents\github\shivaproject\shiva-gui\vs\shiva-gui\debug\shiva-gui.tlog\cl.command.1.tlog
c:\users\shiva\documents\github\shivaproject\shiva-gui\vs\shiva-gui\debug\shiva-gui.tlog\cl.read.1.tlog
c:\users\shiva\documents\github\shivaproject\shiva-gui\vs\shiva-gui\debug\shiva-gui.tlog\cl.write.1.tlog
c:\users\shiva\documents\github\shivaproject\shiva-gui\vs\shiva-gui\debug\shiva-gui.tlog\lib-link.read.1.tlog
c:\users\shiva\documents\github\shivaproject\shiva-gui\vs\shiva-gui\debug\shiva-gui.tlog\lib-link.write.1.tlog
c:\users\shiva\documents\github\shivaproject\shiva-gui\vs\shiva-gui\debug\shiva-gui.tlog\lib.command.1.tlog
